#
# A fatal error has been detected by the Java Runtime Environment:
#
#  EXCEPTION_ACCESS_VIOLATION (0xc0000005) at pc=0x00007ff9c54f34f6, pid=3732, tid=22084
#
# JRE version: OpenJDK Runtime Environment (14.0.2+13) (build 14.0.2+13)
# Java VM: OpenJDK 64-Bit Server VM (14.0.2+13, mixed mode, sharing, tiered, compressed oops, g1 gc, windows-amd64)
# Problematic frame:
# V  [jvm.dll+0x1834f6]
#
# No core dump will be written. Minidumps are not enabled by default on client versions of Windows
#
# If you would like to submit a bug report, please visit:
#   https://bugreport.java.com/bugreport/crash.jsp
#

---------------  S U M M A R Y ------------

Command Line: -javaagent:C:\Users\rando\AppData\Local\JetBrains\IntelliJ IDEA Community Edition 2020.2.3\lib\idea_rt.jar=49899:C:\Users\rando\AppData\Local\JetBrains\IntelliJ IDEA Community Edition 2020.2.3\bin -Dfile.encoding=UTF-8 src.LoginGUI

Host: Intel(R) Core(TM) i9-9900K CPU @ 3.60GHz, 16 cores, 31G,  Windows 10 , 64 bit Build 19041 (10.0.19041.546)
Time: Fri Nov  6 14:27:52 2020 Eastern Standard Time elapsed time: 9 seconds (0d 0h 0m 9s)

---------------  T H R E A D  ---------------

Current thread (0x000001f489dfc800):  ConcurrentGCThread "G1 Conc#1" [stack: 0x000000a1d7900000,0x000000a1d7a00000] [id=22084]

Stack: [0x000000a1d7900000,0x000000a1d7a00000],  sp=0x000000a1d79ff5d8,  free space=1021k
Native frames: (J=compiled Java code, j=interpreted, Vv=VM code, C=native code)
V  [jvm.dll+0x1834f6]


siginfo: EXCEPTION_ACCESS_VIOLATION (0xc0000005), reading address 0x0000000b4292c050


Register to memory mapping:

RIP=0x00007ff9c54f34f6 jvm.dll
RAX=0x0010002002000400 is an unknown value
RBX=0x0010002002000400 is an unknown value
RCX=0x00000006015e64f0 is pointing into object: [B 
{0x00000006015e64e0} - klass: {type array byte}
 - length: 5
RDX=0x00000006015e64f0 is pointing into object: [B 
{0x00000006015e64e0} - klass: {type array byte}
 - length: 5
RSP=0x000000a1d79ff5d8 points into unknown readable memory: b2 c8 60 c5 f9 7f 00 00
RBP=0x000001f4d1db2f50 points into unknown readable memory: 00 40 dd d1 f4 01 00 00
RSI=0x0000000040000001 is an unknown value
RDI=0x00000006015e64f0 is pointing into object: [B 
{0x00000006015e64e0} - klass: {type array byte}
 - length: 5
R8 =0x0010002002000400 is an unknown value
R9 =0x0000000b4292c048 is an unknown value
R10=0x000000000000008a is an unknown value
R11=0x0000000000000246 is an unknown value
R12=0x0000000000000001 is an unknown value
R13=0x000000a1d47ff740 points into unknown readable memory: e8 2a c1 c5 f9 7f 00 00
R14=0x000001f4f63a7990 points into unknown readable memory: 04 04 00 c2 20 00 10 00
R15=0x0000000000000001 is an unknown value


Registers:
RAX=0x0010002002000400, RBX=0x0010002002000400, RCX=0x00000006015e64f0, RDX=0x00000006015e64f0
RSP=0x000000a1d79ff5d8, RBP=0x000001f4d1db2f50, RSI=0x0000000040000001, RDI=0x00000006015e64f0
R8 =0x0010002002000400, R9 =0x0000000b4292c048, R10=0x000000000000008a, R11=0x0000000000000246
R12=0x0000000000000001, R13=0x000000a1d47ff740, R14=0x000001f4f63a7990, R15=0x0000000000000001
RIP=0x00007ff9c54f34f6, EFLAGS=0x0000000000010206

Top of Stack: (sp=0x000000a1d79ff5d8)
0x000000a1d79ff5d8:   00007ff9c560c8b2 000000061cc15d68
0x000000a1d79ff5e8:   00007ff9c560c803 000000080001af78
0x000000a1d79ff5f8:   000000a1d79ff680 000000061cc19660
0x000000a1d79ff608:   000000061cc196b8 000000a1d79ff680
0x000000a1d79ff618:   00007ff9c561aec7 000000061cc1968c
0x000000a1d79ff628:   000000080038eda8 000000080038edb0
0x000000a1d79ff638:   000001f4d1db3008 00007ff9c5d9de80
0x000000a1d79ff648:   000000061ce00000 000000061cc19660
0x000000a1d79ff658:   00007ff9c5621b57 000000000000000b
0x000000a1d79ff668:   000000080038e948 000001f4d1db3008
0x000000a1d79ff678:   0000000000000000 00007ff9c5c12420
0x000000a1d79ff688:   0000000000000000 000001f400000003
0x000000a1d79ff698:   000001f4d1d3ff10 000001f4d1db2f50
0x000000a1d79ff6a8:   00007ff900000001 0000000000000000
0x000000a1d79ff6b8:   000001f489dfc800 0000000000000000
0x000000a1d79ff6c8:   0000000000000000 000000a1d79ff790 

Instructions: (pc=0x00007ff9c54f34f6)
0x00007ff9c54f33f6:   24 48 48 83 c4 30 5f c3 48 8b 07 48 8d 54 24 20
0x00007ff9c54f3406:   48 8b cf 66 0f 7f 44 24 20 ff 50 38 48 8b 5c 24
0x00007ff9c54f3416:   40 48 8b 74 24 48 48 83 c4 30 5f c3 cc cc cc cc
0x00007ff9c54f3426:   cc cc cc cc cc cc cc cc cc cc 48 89 5c 24 08 57
0x00007ff9c54f3436:   48 83 ec 30 48 8b 02 48 8b f9 48 8b ca 48 8b da
0x00007ff9c54f3446:   ff 50 38 84 c0 74 48 0f 10 83 58 03 00 00 66 0f
0x00007ff9c54f3456:   73 d8 08 66 48 0f 7e c0 48 85 c0 74 32 0f 10 83
0x00007ff9c54f3466:   58 03 00 00 48 8b 07 48 8d 54 24 20 48 8b cf 0f
0x00007ff9c54f3476:   29 44 24 20 ff 50 40 33 c0 48 89 44 24 20 48 89
0x00007ff9c54f3486:   44 24 28 0f 10 44 24 20 0f 11 83 58 03 00 00 48
0x00007ff9c54f3496:   8b 5c 24 40 48 83 c4 30 5f c3 48 8b 49 40 48 8b
0x00007ff9c54f34a6:   01 48 ff 60 28 cc cc cc cc cc 80 3d fa f0 92 00
0x00007ff9c54f34b6:   00 48 8b c1 74 1b 8b 51 08 8b 0d 0b 9f 8a 00 48
0x00007ff9c54f34c6:   d3 e2 48 8b c8 48 03 15 f6 9e 8a 00 e9 19 00 00
0x00007ff9c54f34d6:   00 48 8b 51 08 48 8b c8 e9 0d 00 00 00 cc cc cc
0x00007ff9c54f34e6:   cc cc cc cc cc cc cc cc cc cc 4c 8b ca 48 8b d1
0x00007ff9c54f34f6:   45 8b 41 08 45 85 c0 7e 0e 41 f6 c0 01 75 56 41
0x00007ff9c54f3506:   c1 f8 03 41 8b c0 c3 79 4c 80 3d 9b f0 92 00 00
0x00007ff9c54f3516:   b8 0c 00 00 00 b9 10 00 00 00 0f 45 c8 8b 05 cb
0x00007ff9c54f3526:   ae 8a 00 ff c8 4c 63 c8 48 63 14 11 41 8b c8 83
0x00007ff9c54f3536:   e1 3f 48 d3 e2 41 8b c8 48 c1 f9 10 0f b6 c1 49
0x00007ff9c54f3546:   8d 0c 11 49 f7 d1 48 03 c1 49 c1 e9 03 48 c1 e8
0x00007ff9c54f3556:   03 41 23 c1 c3 49 8b 01 49 8b c9 48 ff a0 f8 00
0x00007ff9c54f3566:   00 00 cc cc cc cc cc cc cc cc 48 8b c2 c3 cc cc
0x00007ff9c54f3576:   cc cc cc cc cc cc cc cc cc cc 48 83 ec 38 0f 10
0x00007ff9c54f3586:   02 48 8b 49 40 48 8d 54 24 20 0f 29 44 24 20 e8
0x00007ff9c54f3596:   b6 f2 ff ff 48 83 c4 38 c3 cc 48 83 ec 38 0f 10
0x00007ff9c54f35a6:   02 48 8b 01 48 8d 54 24 20 0f 29 44 24 20 ff 50
0x00007ff9c54f35b6:   38 48 83 c4 38 c3 cc cc cc cc 48 89 5c 24 08 55
0x00007ff9c54f35c6:   56 57 41 54 41 55 41 56 41 57 48 8d 6c 24 e0 48
0x00007ff9c54f35d6:   81 ec 20 01 00 00 48 8b 05 45 ff 8d 00 48 33 c4
0x00007ff9c54f35e6:   48 89 45 10 48 8b 05 df 7a 90 00 45 33 ed 4c 8b 


Stack slot to memory mapping:
stack at sp + 0 slots: 0x00007ff9c560c8b2 jvm.dll
stack at sp + 1 slots: 0x000000061cc15d68 is an oop: org.codehaus.groovy.util.ReferenceType$SoftRef 
{0x000000061cc15d68} - klass: 'org/codehaus/groovy/util/ReferenceType$SoftRef'
stack at sp + 2 slots: 0x00007ff9c560c803 jvm.dll
stack at sp + 3 slots: 0x000000080001af78 is pointing into metadata
stack at sp + 4 slots: 0x000000a1d79ff680 points into unknown readable memory: 20 24 c1 c5 f9 7f 00 00
stack at sp + 5 slots: 0x000000061cc19660 is an oop: java.lang.reflect.Method 
{0x000000061cc19660} - klass: 'java/lang/reflect/Method'
stack at sp + 6 slots: 0x000000061cc196b8 is an oop: [Ljava.lang.Class; 
{0x000000061cc196b8} - klass: 'java/lang/Class'[]
 - length: 0
stack at sp + 7 slots: 0x000000a1d79ff680 points into unknown readable memory: 20 24 c1 c5 f9 7f 00 00


---------------  P R O C E S S  ---------------

Threads class SMR info:
_java_thread_list=0x000001f48bfa2da0, length=26, elements={
0x000001f482121800, 0x000001f482126800, 0x000001f48213a800, 0x000001f48213f800,
0x000001f482140800, 0x000001f482149000, 0x000001f48214e800, 0x000001f48214f800,
0x000001f48226a000, 0x000001f482547800, 0x000001f482548000, 0x000001f48269c000,
0x000001f4826c7000, 0x000001f4826cc800, 0x000001f48939e800, 0x000001f4d1d31800,
0x000001f482624000, 0x000001f489591000, 0x000001f48afaa800, 0x000001f48b5cc000,
0x000001f48b5c1800, 0x000001f48b5c2800, 0x000001f4898a2800, 0x000001f48b3ce800,
0x000001f48b415800, 0x000001f48d9d9800
}

Java Threads: ( => current thread )
  0x000001f482121800 JavaThread "Reference Handler" daemon [_thread_blocked, id=9744, stack(0x000000a1d4c00000,0x000000a1d4d00000)]
  0x000001f482126800 JavaThread "Finalizer" daemon [_thread_blocked, id=12424, stack(0x000000a1d4d00000,0x000000a1d4e00000)]
  0x000001f48213a800 JavaThread "Signal Dispatcher" daemon [_thread_blocked, id=4948, stack(0x000000a1d4e00000,0x000000a1d4f00000)]
  0x000001f48213f800 JavaThread "Attach Listener" daemon [_thread_blocked, id=10464, stack(0x000000a1d4f00000,0x000000a1d5000000)]
  0x000001f482140800 JavaThread "Service Thread" daemon [_thread_blocked, id=22376, stack(0x000000a1d5000000,0x000000a1d5100000)]
  0x000001f482149000 JavaThread "C2 CompilerThread0" daemon [_thread_blocked, id=9736, stack(0x000000a1d5100000,0x000000a1d5200000)]
  0x000001f48214e800 JavaThread "C1 CompilerThread0" daemon [_thread_blocked, id=2732, stack(0x000000a1d5200000,0x000000a1d5300000)]
  0x000001f48214f800 JavaThread "Sweeper thread" daemon [_thread_blocked, id=5248, stack(0x000000a1d5300000,0x000000a1d5400000)]
  0x000001f48226a000 JavaThread "Common-Cleaner" daemon [_thread_blocked, id=9984, stack(0x000000a1d5400000,0x000000a1d5500000)]
  0x000001f482547800 JavaThread "Monitor Ctrl-Break" daemon [_thread_in_native, id=17476, stack(0x000000a1d5700000,0x000000a1d5800000)]
  0x000001f482548000 JavaThread "Notification Thread" daemon [_thread_blocked, id=9924, stack(0x000000a1d5800000,0x000000a1d5900000)]
  0x000001f48269c000 JavaThread "Java2D Disposer" daemon [_thread_blocked, id=19996, stack(0x000000a1d5a00000,0x000000a1d5b00000)]
  0x000001f4826c7000 JavaThread "AWT-Shutdown" [_thread_blocked, id=10356, stack(0x000000a1d5b00000,0x000000a1d5c00000)]
  0x000001f4826cc800 JavaThread "AWT-Windows" daemon [_thread_in_native, id=23112, stack(0x000000a1d5c00000,0x000000a1d5d00000)]
  0x000001f48939e800 JavaThread "AWT-EventQueue-0" [_thread_in_native, id=2120, stack(0x000000a1d5600000,0x000000a1d5700000)]
  0x000001f4d1d31800 JavaThread "DestroyJavaVM" [_thread_blocked, id=18372, stack(0x000000a1d4500000,0x000000a1d4600000)]
  0x000001f482624000 JavaThread "D3D Screen Updater" daemon [_thread_blocked, id=19900, stack(0x000000a1d6300000,0x000000a1d6400000)]
  0x000001f489591000 JavaThread "TimerQueue" daemon [_thread_blocked, id=6352, stack(0x000000a1d6400000,0x000000a1d6500000)]
  0x000001f48afaa800 JavaThread "C2 CompilerThread1" daemon [_thread_blocked, id=2592, stack(0x000000a1d5500000,0x000000a1d5600000)]
  0x000001f48b5cc000 JavaThread "C1 CompilerThread1" daemon [_thread_blocked, id=8300, stack(0x000000a1d6500000,0x000000a1d6600000)]
  0x000001f48b5c1800 JavaThread "C1 CompilerThread2" daemon [_thread_blocked, id=2352, stack(0x000000a1d6600000,0x000000a1d6700000)]
  0x000001f48b5c2800 JavaThread "C1 CompilerThread3" daemon [_thread_blocked, id=13564, stack(0x000000a1d6700000,0x000000a1d6800000)]
  0x000001f4898a2800 JavaThread "C2 CompilerThread2" daemon [_thread_blocked, id=12348, stack(0x000000a1d7500000,0x000000a1d7600000)]
  0x000001f48b3ce800 JavaThread "C2 CompilerThread3" daemon [_thread_blocked, id=3508, stack(0x000000a1d7600000,0x000000a1d7700000)]
  0x000001f48b415800 JavaThread "C2 CompilerThread4" daemon [_thread_blocked, id=19756, stack(0x000000a1d7700000,0x000000a1d7800000)]
  0x000001f48d9d9800 JavaThread "C2 CompilerThread5" daemon [_thread_blocked, id=18472, stack(0x000000a1d7800000,0x000000a1d7900000)]

Other Threads:
  0x000001f48211e800 VMThread "VM Thread" [stack: 0x000000a1d4b00000,0x000000a1d4c00000] [id=5008]
  0x000001f482549000 WatcherThread [stack: 0x000000a1d5900000,0x000000a1d5a00000] [id=2792]
  0x000001f4cfbbe000 GCTaskThread "GC Thread#0" [stack: 0x000000a1d4600000,0x000000a1d4700000] [id=23072]
  0x000001f48ca27000 GCTaskThread "GC Thread#1" [stack: 0x000000a1d6800000,0x000000a1d6900000] [id=4120]
  0x000001f48bf16800 GCTaskThread "GC Thread#2" [stack: 0x000000a1d6900000,0x000000a1d6a00000] [id=20576]
  0x000001f48bf17000 GCTaskThread "GC Thread#3" [stack: 0x000000a1d6a00000,0x000000a1d6b00000] [id=21224]
  0x000001f48b18b000 GCTaskThread "GC Thread#4" [stack: 0x000000a1d6b00000,0x000000a1d6c00000] [id=6304]
  0x000001f48b18b800 GCTaskThread "GC Thread#5" [stack: 0x000000a1d6c00000,0x000000a1d6d00000] [id=12012]
  0x000001f48b5b2800 GCTaskThread "GC Thread#6" [stack: 0x000000a1d6d00000,0x000000a1d6e00000] [id=17704]
  0x000001f48b5b7000 GCTaskThread "GC Thread#7" [stack: 0x000000a1d6e00000,0x000000a1d6f00000] [id=22244]
  0x000001f48b5bb800 GCTaskThread "GC Thread#8" [stack: 0x000000a1d6f00000,0x000000a1d7000000] [id=7916]
  0x000001f48b5bc800 GCTaskThread "GC Thread#9" [stack: 0x000000a1d7000000,0x000000a1d7100000] [id=17168]
  0x000001f48b5be000 GCTaskThread "GC Thread#10" [stack: 0x000000a1d7100000,0x000000a1d7200000] [id=16116]
  0x000001f48b5be800 GCTaskThread "GC Thread#11" [stack: 0x000000a1d7200000,0x000000a1d7300000] [id=19284]
  0x000001f4d1dd4000 ConcurrentGCThread "G1 Main Marker" [stack: 0x000000a1d4700000,0x000000a1d4800000] [id=23384]
  0x000001f4d1dd5800 ConcurrentGCThread "G1 Conc#0" [stack: 0x000000a1d4800000,0x000000a1d4900000] [id=10084]
=>0x000001f489dfc800 ConcurrentGCThread "G1 Conc#1" [stack: 0x000000a1d7900000,0x000000a1d7a00000] [id=22084]
  0x000001f489b0e000 ConcurrentGCThread "G1 Conc#2" [stack: 0x000000a1d7a00000,0x000000a1d7b00000] [id=23284]
  0x000001f4ff43d800 ConcurrentGCThread "G1 Refine#0" [stack: 0x000000a1d4900000,0x000000a1d4a00000] [id=13628]
  0x000001f48c9e9000 ConcurrentGCThread "G1 Refine#1" [stack: 0x000000a1d7300000,0x000000a1d7400000] [id=17284]
  0x000001f48b5c0000 ConcurrentGCThread "G1 Refine#2" [stack: 0x000000a1d7400000,0x000000a1d7500000] [id=18076]
  0x000001f4ff43e800 ConcurrentGCThread "G1 Young RemSet Sampling" [stack: 0x000000a1d4a00000,0x000000a1d4b00000] [id=22324]

Threads with active compile tasks:

VM state:not at safepoint (normal execution)

VM Mutex/Monitor currently owned by a thread: None

Heap address: 0x0000000601400000, size: 8172 MB, Compressed Oops mode: Zero based, Oop shift amount: 3
Narrow klass base: 0x0000000800000000, Narrow klass shift: 3
Compressed class space size: 1073741824 Address: 0x0000000800b40000

Heap:
 garbage-first heap   total 524288K, used 23828K [0x0000000601400000, 0x0000000800000000)
  region size 2048K, 10 young (20480K), 5 survivors (10240K)
 Metaspace       used 22590K, capacity 23470K, committed 23620K, reserved 1071104K
  class space    used 2508K, capacity 2875K, committed 2944K, reserved 1048576K
Heap Regions: E=young(eden), S=young(survivor), O=old, HS=humongous(starts), HC=humongous(continues), CS=collection set, F=free, OA=open archive, CA=closed archive, TAMS=top-at-mark-start (previous, next)
|   0|0x0000000601400000, 0x0000000601600000, 0x0000000601600000|100%| O|  |TAMS 0x0000000601400000, 0x0000000601600000| Untracked 
|   1|0x0000000601600000, 0x0000000601800000, 0x0000000601800000|100%| O|  |TAMS 0x0000000601600000, 0x0000000601800000| Untracked 
|   2|0x0000000601800000, 0x00000006019c3e00, 0x0000000601a00000| 88%| O|  |TAMS 0x0000000601800000, 0x00000006019c3e00| Untracked 
|   3|0x0000000601a00000, 0x0000000601a00000, 0x0000000601c00000|  0%| F|  |TAMS 0x0000000601a00000, 0x0000000601a00000| Untracked 
|   4|0x0000000601c00000, 0x0000000601c00000, 0x0000000601e00000|  0%| F|  |TAMS 0x0000000601c00000, 0x0000000601c00000| Untracked 
|   5|0x0000000601e00000, 0x0000000601e00000, 0x0000000602000000|  0%| F|  |TAMS 0x0000000601e00000, 0x0000000601e00000| Untracked 
|   6|0x0000000602000000, 0x0000000602000000, 0x0000000602200000|  0%| F|  |TAMS 0x0000000602000000, 0x0000000602000000| Untracked 
|   7|0x0000000602200000, 0x0000000602200000, 0x0000000602400000|  0%| F|  |TAMS 0x0000000602200000, 0x0000000602200000| Untracked 
|   8|0x0000000602400000, 0x0000000602400000, 0x0000000602600000|  0%| F|  |TAMS 0x0000000602400000, 0x0000000602400000| Untracked 
|   9|0x0000000602600000, 0x0000000602600000, 0x0000000602800000|  0%| F|  |TAMS 0x0000000602600000, 0x0000000602600000| Untracked 
|  10|0x0000000602800000, 0x0000000602800000, 0x0000000602a00000|  0%| F|  |TAMS 0x0000000602800000, 0x0000000602800000| Untracked 
|  11|0x0000000602a00000, 0x0000000602a00000, 0x0000000602c00000|  0%| F|  |TAMS 0x0000000602a00000, 0x0000000602a00000| Untracked 
|  12|0x0000000602c00000, 0x0000000602c00000, 0x0000000602e00000|  0%| F|  |TAMS 0x0000000602c00000, 0x0000000602c00000| Untracked 
|  13|0x0000000602e00000, 0x0000000602e00000, 0x0000000603000000|  0%| F|  |TAMS 0x0000000602e00000, 0x0000000602e00000| Untracked 
|  14|0x0000000603000000, 0x0000000603000000, 0x0000000603200000|  0%| F|  |TAMS 0x0000000603000000, 0x0000000603000000| Untracked 
|  15|0x0000000603200000, 0x0000000603200000, 0x0000000603400000|  0%| F|  |TAMS 0x0000000603200000, 0x0000000603200000| Untracked 
|  16|0x0000000603400000, 0x0000000603400000, 0x0000000603600000|  0%| F|  |TAMS 0x0000000603400000, 0x0000000603400000| Untracked 
|  17|0x0000000603600000, 0x0000000603600000, 0x0000000603800000|  0%| F|  |TAMS 0x0000000603600000, 0x0000000603600000| Untracked 
|  18|0x0000000603800000, 0x0000000603800000, 0x0000000603a00000|  0%| F|  |TAMS 0x0000000603800000, 0x0000000603800000| Untracked 
|  19|0x0000000603a00000, 0x0000000603a00000, 0x0000000603c00000|  0%| F|  |TAMS 0x0000000603a00000, 0x0000000603a00000| Untracked 
|  20|0x0000000603c00000, 0x0000000603c00000, 0x0000000603e00000|  0%| F|  |TAMS 0x0000000603c00000, 0x0000000603c00000| Untracked 
|  21|0x0000000603e00000, 0x0000000603e00000, 0x0000000604000000|  0%| F|  |TAMS 0x0000000603e00000, 0x0000000603e00000| Untracked 
|  22|0x0000000604000000, 0x0000000604000000, 0x0000000604200000|  0%| F|  |TAMS 0x0000000604000000, 0x0000000604000000| Untracked 
|  23|0x0000000604200000, 0x0000000604200000, 0x0000000604400000|  0%| F|  |TAMS 0x0000000604200000, 0x0000000604200000| Untracked 
|  24|0x0000000604400000, 0x0000000604400000, 0x0000000604600000|  0%| F|  |TAMS 0x0000000604400000, 0x0000000604400000| Untracked 
|  25|0x0000000604600000, 0x0000000604600000, 0x0000000604800000|  0%| F|  |TAMS 0x0000000604600000, 0x0000000604600000| Untracked 
|  26|0x0000000604800000, 0x0000000604800000, 0x0000000604a00000|  0%| F|  |TAMS 0x0000000604800000, 0x0000000604800000| Untracked 
|  27|0x0000000604a00000, 0x0000000604a00000, 0x0000000604c00000|  0%| F|  |TAMS 0x0000000604a00000, 0x0000000604a00000| Untracked 
|  28|0x0000000604c00000, 0x0000000604c00000, 0x0000000604e00000|  0%| F|  |TAMS 0x0000000604c00000, 0x0000000604c00000| Untracked 
|  29|0x0000000604e00000, 0x0000000604e00000, 0x0000000605000000|  0%| F|  |TAMS 0x0000000604e00000, 0x0000000604e00000| Untracked 
|  30|0x0000000605000000, 0x0000000605000000, 0x0000000605200000|  0%| F|  |TAMS 0x0000000605000000, 0x0000000605000000| Untracked 
|  31|0x0000000605200000, 0x0000000605200000, 0x0000000605400000|  0%| F|  |TAMS 0x0000000605200000, 0x0000000605200000| Untracked 
|  32|0x0000000605400000, 0x0000000605400000, 0x0000000605600000|  0%| F|  |TAMS 0x0000000605400000, 0x0000000605400000| Untracked 
|  33|0x0000000605600000, 0x0000000605600000, 0x0000000605800000|  0%| F|  |TAMS 0x0000000605600000, 0x0000000605600000| Untracked 
|  34|0x0000000605800000, 0x0000000605800000, 0x0000000605a00000|  0%| F|  |TAMS 0x0000000605800000, 0x0000000605800000| Untracked 
|  35|0x0000000605a00000, 0x0000000605a00000, 0x0000000605c00000|  0%| F|  |TAMS 0x0000000605a00000, 0x0000000605a00000| Untracked 
|  36|0x0000000605c00000, 0x0000000605c00000, 0x0000000605e00000|  0%| F|  |TAMS 0x0000000605c00000, 0x0000000605c00000| Untracked 
|  37|0x0000000605e00000, 0x0000000605e00000, 0x0000000606000000|  0%| F|  |TAMS 0x0000000605e00000, 0x0000000605e00000| Untracked 
|  38|0x0000000606000000, 0x0000000606000000, 0x0000000606200000|  0%| F|  |TAMS 0x0000000606000000, 0x0000000606000000| Untracked 
|  39|0x0000000606200000, 0x0000000606200000, 0x0000000606400000|  0%| F|  |TAMS 0x0000000606200000, 0x0000000606200000| Untracked 
|  40|0x0000000606400000, 0x0000000606400000, 0x0000000606600000|  0%| F|  |TAMS 0x0000000606400000, 0x0000000606400000| Untracked 
|  41|0x0000000606600000, 0x0000000606600000, 0x0000000606800000|  0%| F|  |TAMS 0x0000000606600000, 0x0000000606600000| Untracked 
|  42|0x0000000606800000, 0x0000000606800000, 0x0000000606a00000|  0%| F|  |TAMS 0x0000000606800000, 0x0000000606800000| Untracked 
|  43|0x0000000606a00000, 0x0000000606a00000, 0x0000000606c00000|  0%| F|  |TAMS 0x0000000606a00000, 0x0000000606a00000| Untracked 
|  44|0x0000000606c00000, 0x0000000606c00000, 0x0000000606e00000|  0%| F|  |TAMS 0x0000000606c00000, 0x0000000606c00000| Untracked 
|  45|0x0000000606e00000, 0x0000000606e00000, 0x0000000607000000|  0%| F|  |TAMS 0x0000000606e00000, 0x0000000606e00000| Untracked 
|  46|0x0000000607000000, 0x0000000607000000, 0x0000000607200000|  0%| F|  |TAMS 0x0000000607000000, 0x0000000607000000| Untracked 
|  47|0x0000000607200000, 0x0000000607200000, 0x0000000607400000|  0%| F|  |TAMS 0x0000000607200000, 0x0000000607200000| Untracked 
|  48|0x0000000607400000, 0x0000000607400000, 0x0000000607600000|  0%| F|  |TAMS 0x0000000607400000, 0x0000000607400000| Untracked 
|  49|0x0000000607600000, 0x0000000607600000, 0x0000000607800000|  0%| F|  |TAMS 0x0000000607600000, 0x0000000607600000| Untracked 
|  50|0x0000000607800000, 0x0000000607800000, 0x0000000607a00000|  0%| F|  |TAMS 0x0000000607800000, 0x0000000607800000| Untracked 
|  51|0x0000000607a00000, 0x0000000607a00000, 0x0000000607c00000|  0%| F|  |TAMS 0x0000000607a00000, 0x0000000607a00000| Untracked 
|  52|0x0000000607c00000, 0x0000000607c00000, 0x0000000607e00000|  0%| F|  |TAMS 0x0000000607c00000, 0x0000000607c00000| Untracked 
|  53|0x0000000607e00000, 0x0000000607e00000, 0x0000000608000000|  0%| F|  |TAMS 0x0000000607e00000, 0x0000000607e00000| Untracked 
|  54|0x0000000608000000, 0x0000000608000000, 0x0000000608200000|  0%| F|  |TAMS 0x0000000608000000, 0x0000000608000000| Untracked 
|  55|0x0000000608200000, 0x0000000608200000, 0x0000000608400000|  0%| F|  |TAMS 0x0000000608200000, 0x0000000608200000| Untracked 
|  56|0x0000000608400000, 0x0000000608400000, 0x0000000608600000|  0%| F|  |TAMS 0x0000000608400000, 0x0000000608400000| Untracked 
|  57|0x0000000608600000, 0x0000000608600000, 0x0000000608800000|  0%| F|  |TAMS 0x0000000608600000, 0x0000000608600000| Untracked 
|  58|0x0000000608800000, 0x0000000608800000, 0x0000000608a00000|  0%| F|  |TAMS 0x0000000608800000, 0x0000000608800000| Untracked 
|  59|0x0000000608a00000, 0x0000000608a00000, 0x0000000608c00000|  0%| F|  |TAMS 0x0000000608a00000, 0x0000000608a00000| Untracked 
|  60|0x0000000608c00000, 0x0000000608c00000, 0x0000000608e00000|  0%| F|  |TAMS 0x0000000608c00000, 0x0000000608c00000| Untracked 
|  61|0x0000000608e00000, 0x0000000608e00000, 0x0000000609000000|  0%| F|  |TAMS 0x0000000608e00000, 0x0000000608e00000| Untracked 
|  62|0x0000000609000000, 0x0000000609000000, 0x0000000609200000|  0%| F|  |TAMS 0x0000000609000000, 0x0000000609000000| Untracked 
|  63|0x0000000609200000, 0x0000000609200000, 0x0000000609400000|  0%| F|  |TAMS 0x0000000609200000, 0x0000000609200000| Untracked 
|  64|0x0000000609400000, 0x0000000609400000, 0x0000000609600000|  0%| F|  |TAMS 0x0000000609400000, 0x0000000609400000| Untracked 
|  65|0x0000000609600000, 0x0000000609600000, 0x0000000609800000|  0%| F|  |TAMS 0x0000000609600000, 0x0000000609600000| Untracked 
|  66|0x0000000609800000, 0x0000000609800000, 0x0000000609a00000|  0%| F|  |TAMS 0x0000000609800000, 0x0000000609800000| Untracked 
|  67|0x0000000609a00000, 0x0000000609a00000, 0x0000000609c00000|  0%| F|  |TAMS 0x0000000609a00000, 0x0000000609a00000| Untracked 
|  68|0x0000000609c00000, 0x0000000609c00000, 0x0000000609e00000|  0%| F|  |TAMS 0x0000000609c00000, 0x0000000609c00000| Untracked 
|  69|0x0000000609e00000, 0x0000000609e00000, 0x000000060a000000|  0%| F|  |TAMS 0x0000000609e00000, 0x0000000609e00000| Untracked 
|  70|0x000000060a000000, 0x000000060a000000, 0x000000060a200000|  0%| F|  |TAMS 0x000000060a000000, 0x000000060a000000| Untracked 
|  71|0x000000060a200000, 0x000000060a200000, 0x000000060a400000|  0%| F|  |TAMS 0x000000060a200000, 0x000000060a200000| Untracked 
|  72|0x000000060a400000, 0x000000060a400000, 0x000000060a600000|  0%| F|  |TAMS 0x000000060a400000, 0x000000060a400000| Untracked 
|  73|0x000000060a600000, 0x000000060a600000, 0x000000060a800000|  0%| F|  |TAMS 0x000000060a600000, 0x000000060a600000| Untracked 
|  74|0x000000060a800000, 0x000000060a800000, 0x000000060aa00000|  0%| F|  |TAMS 0x000000060a800000, 0x000000060a800000| Untracked 
|  75|0x000000060aa00000, 0x000000060aa00000, 0x000000060ac00000|  0%| F|  |TAMS 0x000000060aa00000, 0x000000060aa00000| Untracked 
|  76|0x000000060ac00000, 0x000000060ac00000, 0x000000060ae00000|  0%| F|  |TAMS 0x000000060ac00000, 0x000000060ac00000| Untracked 
|  77|0x000000060ae00000, 0x000000060ae00000, 0x000000060b000000|  0%| F|  |TAMS 0x000000060ae00000, 0x000000060ae00000| Untracked 
|  78|0x000000060b000000, 0x000000060b000000, 0x000000060b200000|  0%| F|  |TAMS 0x000000060b000000, 0x000000060b000000| Untracked 
|  79|0x000000060b200000, 0x000000060b200000, 0x000000060b400000|  0%| F|  |TAMS 0x000000060b200000, 0x000000060b200000| Untracked 
|  80|0x000000060b400000, 0x000000060b400000, 0x000000060b600000|  0%| F|  |TAMS 0x000000060b400000, 0x000000060b400000| Untracked 
|  81|0x000000060b600000, 0x000000060b600000, 0x000000060b800000|  0%| F|  |TAMS 0x000000060b600000, 0x000000060b600000| Untracked 
|  82|0x000000060b800000, 0x000000060b800000, 0x000000060ba00000|  0%| F|  |TAMS 0x000000060b800000, 0x000000060b800000| Untracked 
|  83|0x000000060ba00000, 0x000000060ba00000, 0x000000060bc00000|  0%| F|  |TAMS 0x000000060ba00000, 0x000000060ba00000| Untracked 
|  84|0x000000060bc00000, 0x000000060bc00000, 0x000000060be00000|  0%| F|  |TAMS 0x000000060bc00000, 0x000000060bc00000| Untracked 
|  85|0x000000060be00000, 0x000000060be00000, 0x000000060c000000|  0%| F|  |TAMS 0x000000060be00000, 0x000000060be00000| Untracked 
|  86|0x000000060c000000, 0x000000060c000000, 0x000000060c200000|  0%| F|  |TAMS 0x000000060c000000, 0x000000060c000000| Untracked 
|  87|0x000000060c200000, 0x000000060c200000, 0x000000060c400000|  0%| F|  |TAMS 0x000000060c200000, 0x000000060c200000| Untracked 
|  88|0x000000060c400000, 0x000000060c400000, 0x000000060c600000|  0%| F|  |TAMS 0x000000060c400000, 0x000000060c400000| Untracked 
|  89|0x000000060c600000, 0x000000060c600000, 0x000000060c800000|  0%| F|  |TAMS 0x000000060c600000, 0x000000060c600000| Untracked 
|  90|0x000000060c800000, 0x000000060c800000, 0x000000060ca00000|  0%| F|  |TAMS 0x000000060c800000, 0x000000060c800000| Untracked 
|  91|0x000000060ca00000, 0x000000060ca00000, 0x000000060cc00000|  0%| F|  |TAMS 0x000000060ca00000, 0x000000060ca00000| Untracked 
|  92|0x000000060cc00000, 0x000000060cc00000, 0x000000060ce00000|  0%| F|  |TAMS 0x000000060cc00000, 0x000000060cc00000| Untracked 
|  93|0x000000060ce00000, 0x000000060ce00000, 0x000000060d000000|  0%| F|  |TAMS 0x000000060ce00000, 0x000000060ce00000| Untracked 
|  94|0x000000060d000000, 0x000000060d000000, 0x000000060d200000|  0%| F|  |TAMS 0x000000060d000000, 0x000000060d000000| Untracked 
|  95|0x000000060d200000, 0x000000060d200000, 0x000000060d400000|  0%| F|  |TAMS 0x000000060d200000, 0x000000060d200000| Untracked 
|  96|0x000000060d400000, 0x000000060d400000, 0x000000060d600000|  0%| F|  |TAMS 0x000000060d400000, 0x000000060d400000| Untracked 
|  97|0x000000060d600000, 0x000000060d600000, 0x000000060d800000|  0%| F|  |TAMS 0x000000060d600000, 0x000000060d600000| Untracked 
|  98|0x000000060d800000, 0x000000060d800000, 0x000000060da00000|  0%| F|  |TAMS 0x000000060d800000, 0x000000060d800000| Untracked 
|  99|0x000000060da00000, 0x000000060da00000, 0x000000060dc00000|  0%| F|  |TAMS 0x000000060da00000, 0x000000060da00000| Untracked 
| 100|0x000000060dc00000, 0x000000060dc00000, 0x000000060de00000|  0%| F|  |TAMS 0x000000060dc00000, 0x000000060dc00000| Untracked 
| 101|0x000000060de00000, 0x000000060de00000, 0x000000060e000000|  0%| F|  |TAMS 0x000000060de00000, 0x000000060de00000| Untracked 
| 102|0x000000060e000000, 0x000000060e000000, 0x000000060e200000|  0%| F|  |TAMS 0x000000060e000000, 0x000000060e000000| Untracked 
| 103|0x000000060e200000, 0x000000060e200000, 0x000000060e400000|  0%| F|  |TAMS 0x000000060e200000, 0x000000060e200000| Untracked 
| 104|0x000000060e400000, 0x000000060e400000, 0x000000060e600000|  0%| F|  |TAMS 0x000000060e400000, 0x000000060e400000| Untracked 
| 105|0x000000060e600000, 0x000000060e600000, 0x000000060e800000|  0%| F|  |TAMS 0x000000060e600000, 0x000000060e600000| Untracked 
| 106|0x000000060e800000, 0x000000060e800000, 0x000000060ea00000|  0%| F|  |TAMS 0x000000060e800000, 0x000000060e800000| Untracked 
| 107|0x000000060ea00000, 0x000000060ea00000, 0x000000060ec00000|  0%| F|  |TAMS 0x000000060ea00000, 0x000000060ea00000| Untracked 
| 108|0x000000060ec00000, 0x000000060ec00000, 0x000000060ee00000|  0%| F|  |TAMS 0x000000060ec00000, 0x000000060ec00000| Untracked 
| 109|0x000000060ee00000, 0x000000060ee00000, 0x000000060f000000|  0%| F|  |TAMS 0x000000060ee00000, 0x000000060ee00000| Untracked 
| 110|0x000000060f000000, 0x000000060f000000, 0x000000060f200000|  0%| F|  |TAMS 0x000000060f000000, 0x000000060f000000| Untracked 
| 111|0x000000060f200000, 0x000000060f200000, 0x000000060f400000|  0%| F|  |TAMS 0x000000060f200000, 0x000000060f200000| Untracked 
| 112|0x000000060f400000, 0x000000060f400000, 0x000000060f600000|  0%| F|  |TAMS 0x000000060f400000, 0x000000060f400000| Untracked 
| 113|0x000000060f600000, 0x000000060f600000, 0x000000060f800000|  0%| F|  |TAMS 0x000000060f600000, 0x000000060f600000| Untracked 
| 114|0x000000060f800000, 0x000000060f800000, 0x000000060fa00000|  0%| F|  |TAMS 0x000000060f800000, 0x000000060f800000| Untracked 
| 115|0x000000060fa00000, 0x000000060fa00000, 0x000000060fc00000|  0%| F|  |TAMS 0x000000060fa00000, 0x000000060fa00000| Untracked 
| 116|0x000000060fc00000, 0x000000060fc00000, 0x000000060fe00000|  0%| F|  |TAMS 0x000000060fc00000, 0x000000060fc00000| Untracked 
| 117|0x000000060fe00000, 0x000000060fe00000, 0x0000000610000000|  0%| F|  |TAMS 0x000000060fe00000, 0x000000060fe00000| Untracked 
| 118|0x0000000610000000, 0x0000000610000000, 0x0000000610200000|  0%| F|  |TAMS 0x0000000610000000, 0x0000000610000000| Untracked 
| 119|0x0000000610200000, 0x0000000610200000, 0x0000000610400000|  0%| F|  |TAMS 0x0000000610200000, 0x0000000610200000| Untracked 
| 120|0x0000000610400000, 0x0000000610400000, 0x0000000610600000|  0%| F|  |TAMS 0x0000000610400000, 0x0000000610400000| Untracked 
| 121|0x0000000610600000, 0x0000000610600000, 0x0000000610800000|  0%| F|  |TAMS 0x0000000610600000, 0x0000000610600000| Untracked 
| 122|0x0000000610800000, 0x0000000610800000, 0x0000000610a00000|  0%| F|  |TAMS 0x0000000610800000, 0x0000000610800000| Untracked 
| 123|0x0000000610a00000, 0x0000000610a00000, 0x0000000610c00000|  0%| F|  |TAMS 0x0000000610a00000, 0x0000000610a00000| Untracked 
| 124|0x0000000610c00000, 0x0000000610c00000, 0x0000000610e00000|  0%| F|  |TAMS 0x0000000610c00000, 0x0000000610c00000| Untracked 
| 125|0x0000000610e00000, 0x0000000610e00000, 0x0000000611000000|  0%| F|  |TAMS 0x0000000610e00000, 0x0000000610e00000| Untracked 
| 126|0x0000000611000000, 0x0000000611000000, 0x0000000611200000|  0%| F|  |TAMS 0x0000000611000000, 0x0000000611000000| Untracked 
| 127|0x0000000611200000, 0x0000000611200000, 0x0000000611400000|  0%| F|  |TAMS 0x0000000611200000, 0x0000000611200000| Untracked 
| 128|0x0000000611400000, 0x0000000611400000, 0x0000000611600000|  0%| F|  |TAMS 0x0000000611400000, 0x0000000611400000| Untracked 
| 129|0x0000000611600000, 0x0000000611600000, 0x0000000611800000|  0%| F|  |TAMS 0x0000000611600000, 0x0000000611600000| Untracked 
| 130|0x0000000611800000, 0x0000000611800000, 0x0000000611a00000|  0%| F|  |TAMS 0x0000000611800000, 0x0000000611800000| Untracked 
| 131|0x0000000611a00000, 0x0000000611a00000, 0x0000000611c00000|  0%| F|  |TAMS 0x0000000611a00000, 0x0000000611a00000| Untracked 
| 132|0x0000000611c00000, 0x0000000611c00000, 0x0000000611e00000|  0%| F|  |TAMS 0x0000000611c00000, 0x0000000611c00000| Untracked 
| 133|0x0000000611e00000, 0x0000000611e00000, 0x0000000612000000|  0%| F|  |TAMS 0x0000000611e00000, 0x0000000611e00000| Untracked 
| 134|0x0000000612000000, 0x0000000612000000, 0x0000000612200000|  0%| F|  |TAMS 0x0000000612000000, 0x0000000612000000| Untracked 
| 135|0x0000000612200000, 0x0000000612200000, 0x0000000612400000|  0%| F|  |TAMS 0x0000000612200000, 0x0000000612200000| Untracked 
| 136|0x0000000612400000, 0x0000000612400000, 0x0000000612600000|  0%| F|  |TAMS 0x0000000612400000, 0x0000000612400000| Untracked 
| 137|0x0000000612600000, 0x0000000612600000, 0x0000000612800000|  0%| F|  |TAMS 0x0000000612600000, 0x0000000612600000| Untracked 
| 138|0x0000000612800000, 0x0000000612800000, 0x0000000612a00000|  0%| F|  |TAMS 0x0000000612800000, 0x0000000612800000| Untracked 
| 139|0x0000000612a00000, 0x0000000612a00000, 0x0000000612c00000|  0%| F|  |TAMS 0x0000000612a00000, 0x0000000612a00000| Untracked 
| 140|0x0000000612c00000, 0x0000000612c00000, 0x0000000612e00000|  0%| F|  |TAMS 0x0000000612c00000, 0x0000000612c00000| Untracked 
| 141|0x0000000612e00000, 0x0000000612e00000, 0x0000000613000000|  0%| F|  |TAMS 0x0000000612e00000, 0x0000000612e00000| Untracked 
| 142|0x0000000613000000, 0x0000000613000000, 0x0000000613200000|  0%| F|  |TAMS 0x0000000613000000, 0x0000000613000000| Untracked 
| 143|0x0000000613200000, 0x0000000613200000, 0x0000000613400000|  0%| F|  |TAMS 0x0000000613200000, 0x0000000613200000| Untracked 
| 144|0x0000000613400000, 0x0000000613400000, 0x0000000613600000|  0%| F|  |TAMS 0x0000000613400000, 0x0000000613400000| Untracked 
| 145|0x0000000613600000, 0x0000000613600000, 0x0000000613800000|  0%| F|  |TAMS 0x0000000613600000, 0x0000000613600000| Untracked 
| 146|0x0000000613800000, 0x0000000613800000, 0x0000000613a00000|  0%| F|  |TAMS 0x0000000613800000, 0x0000000613800000| Untracked 
| 147|0x0000000613a00000, 0x0000000613a00000, 0x0000000613c00000|  0%| F|  |TAMS 0x0000000613a00000, 0x0000000613a00000| Untracked 
| 148|0x0000000613c00000, 0x0000000613c00000, 0x0000000613e00000|  0%| F|  |TAMS 0x0000000613c00000, 0x0000000613c00000| Untracked 
| 149|0x0000000613e00000, 0x0000000613e00000, 0x0000000614000000|  0%| F|  |TAMS 0x0000000613e00000, 0x0000000613e00000| Untracked 
| 150|0x0000000614000000, 0x0000000614000000, 0x0000000614200000|  0%| F|  |TAMS 0x0000000614000000, 0x0000000614000000| Untracked 
| 151|0x0000000614200000, 0x0000000614200000, 0x0000000614400000|  0%| F|  |TAMS 0x0000000614200000, 0x0000000614200000| Untracked 
| 152|0x0000000614400000, 0x0000000614400000, 0x0000000614600000|  0%| F|  |TAMS 0x0000000614400000, 0x0000000614400000| Untracked 
| 153|0x0000000614600000, 0x0000000614600000, 0x0000000614800000|  0%| F|  |TAMS 0x0000000614600000, 0x0000000614600000| Untracked 
| 154|0x0000000614800000, 0x0000000614800000, 0x0000000614a00000|  0%| F|  |TAMS 0x0000000614800000, 0x0000000614800000| Untracked 
| 155|0x0000000614a00000, 0x0000000614a00000, 0x0000000614c00000|  0%| F|  |TAMS 0x0000000614a00000, 0x0000000614a00000| Untracked 
| 156|0x0000000614c00000, 0x0000000614c00000, 0x0000000614e00000|  0%| F|  |TAMS 0x0000000614c00000, 0x0000000614c00000| Untracked 
| 157|0x0000000614e00000, 0x0000000614e00000, 0x0000000615000000|  0%| F|  |TAMS 0x0000000614e00000, 0x0000000614e00000| Untracked 
| 158|0x0000000615000000, 0x0000000615000000, 0x0000000615200000|  0%| F|  |TAMS 0x0000000615000000, 0x0000000615000000| Untracked 
| 159|0x0000000615200000, 0x0000000615200000, 0x0000000615400000|  0%| F|  |TAMS 0x0000000615200000, 0x0000000615200000| Untracked 
| 160|0x0000000615400000, 0x0000000615400000, 0x0000000615600000|  0%| F|  |TAMS 0x0000000615400000, 0x0000000615400000| Untracked 
| 161|0x0000000615600000, 0x0000000615600000, 0x0000000615800000|  0%| F|  |TAMS 0x0000000615600000, 0x0000000615600000| Untracked 
| 162|0x0000000615800000, 0x0000000615800000, 0x0000000615a00000|  0%| F|  |TAMS 0x0000000615800000, 0x0000000615800000| Untracked 
| 163|0x0000000615a00000, 0x0000000615a00000, 0x0000000615c00000|  0%| F|  |TAMS 0x0000000615a00000, 0x0000000615a00000| Untracked 
| 164|0x0000000615c00000, 0x0000000615c00000, 0x0000000615e00000|  0%| F|  |TAMS 0x0000000615c00000, 0x0000000615c00000| Untracked 
| 165|0x0000000615e00000, 0x0000000615e00000, 0x0000000616000000|  0%| F|  |TAMS 0x0000000615e00000, 0x0000000615e00000| Untracked 
| 166|0x0000000616000000, 0x0000000616000000, 0x0000000616200000|  0%| F|  |TAMS 0x0000000616000000, 0x0000000616000000| Untracked 
| 167|0x0000000616200000, 0x0000000616200000, 0x0000000616400000|  0%| F|  |TAMS 0x0000000616200000, 0x0000000616200000| Untracked 
| 168|0x0000000616400000, 0x0000000616400000, 0x0000000616600000|  0%| F|  |TAMS 0x0000000616400000, 0x0000000616400000| Untracked 
| 169|0x0000000616600000, 0x0000000616600000, 0x0000000616800000|  0%| F|  |TAMS 0x0000000616600000, 0x0000000616600000| Untracked 
| 170|0x0000000616800000, 0x0000000616800000, 0x0000000616a00000|  0%| F|  |TAMS 0x0000000616800000, 0x0000000616800000| Untracked 
| 171|0x0000000616a00000, 0x0000000616a00000, 0x0000000616c00000|  0%| F|  |TAMS 0x0000000616a00000, 0x0000000616a00000| Untracked 
| 172|0x0000000616c00000, 0x0000000616c00000, 0x0000000616e00000|  0%| F|  |TAMS 0x0000000616c00000, 0x0000000616c00000| Untracked 
| 173|0x0000000616e00000, 0x0000000616e00000, 0x0000000617000000|  0%| F|  |TAMS 0x0000000616e00000, 0x0000000616e00000| Untracked 
| 174|0x0000000617000000, 0x0000000617000000, 0x0000000617200000|  0%| F|  |TAMS 0x0000000617000000, 0x0000000617000000| Untracked 
| 175|0x0000000617200000, 0x0000000617200000, 0x0000000617400000|  0%| F|  |TAMS 0x0000000617200000, 0x0000000617200000| Untracked 
| 176|0x0000000617400000, 0x0000000617400000, 0x0000000617600000|  0%| F|  |TAMS 0x0000000617400000, 0x0000000617400000| Untracked 
| 177|0x0000000617600000, 0x0000000617600000, 0x0000000617800000|  0%| F|  |TAMS 0x0000000617600000, 0x0000000617600000| Untracked 
| 178|0x0000000617800000, 0x0000000617800000, 0x0000000617a00000|  0%| F|  |TAMS 0x0000000617800000, 0x0000000617800000| Untracked 
| 179|0x0000000617a00000, 0x0000000617a00000, 0x0000000617c00000|  0%| F|  |TAMS 0x0000000617a00000, 0x0000000617a00000| Untracked 
| 180|0x0000000617c00000, 0x0000000617c00000, 0x0000000617e00000|  0%| F|  |TAMS 0x0000000617c00000, 0x0000000617c00000| Untracked 
| 181|0x0000000617e00000, 0x0000000617e00000, 0x0000000618000000|  0%| F|  |TAMS 0x0000000617e00000, 0x0000000617e00000| Untracked 
| 182|0x0000000618000000, 0x0000000618000000, 0x0000000618200000|  0%| F|  |TAMS 0x0000000618000000, 0x0000000618000000| Untracked 
| 183|0x0000000618200000, 0x0000000618200000, 0x0000000618400000|  0%| F|  |TAMS 0x0000000618200000, 0x0000000618200000| Untracked 
| 184|0x0000000618400000, 0x0000000618400000, 0x0000000618600000|  0%| F|  |TAMS 0x0000000618400000, 0x0000000618400000| Untracked 
| 185|0x0000000618600000, 0x0000000618600000, 0x0000000618800000|  0%| F|  |TAMS 0x0000000618600000, 0x0000000618600000| Untracked 
| 186|0x0000000618800000, 0x0000000618800000, 0x0000000618a00000|  0%| F|  |TAMS 0x0000000618800000, 0x0000000618800000| Untracked 
| 187|0x0000000618a00000, 0x0000000618a00000, 0x0000000618c00000|  0%| F|  |TAMS 0x0000000618a00000, 0x0000000618a00000| Untracked 
| 188|0x0000000618c00000, 0x0000000618c00000, 0x0000000618e00000|  0%| F|  |TAMS 0x0000000618c00000, 0x0000000618c00000| Untracked 
| 189|0x0000000618e00000, 0x0000000618e00000, 0x0000000619000000|  0%| F|  |TAMS 0x0000000618e00000, 0x0000000618e00000| Untracked 
| 190|0x0000000619000000, 0x0000000619000000, 0x0000000619200000|  0%| F|  |TAMS 0x0000000619000000, 0x0000000619000000| Untracked 
| 191|0x0000000619200000, 0x0000000619200000, 0x0000000619400000|  0%| F|  |TAMS 0x0000000619200000, 0x0000000619200000| Untracked 
| 192|0x0000000619400000, 0x0000000619400000, 0x0000000619600000|  0%| F|  |TAMS 0x0000000619400000, 0x0000000619400000| Untracked 
| 193|0x0000000619600000, 0x0000000619600000, 0x0000000619800000|  0%| F|  |TAMS 0x0000000619600000, 0x0000000619600000| Untracked 
| 194|0x0000000619800000, 0x0000000619800000, 0x0000000619a00000|  0%| F|  |TAMS 0x0000000619800000, 0x0000000619800000| Untracked 
| 195|0x0000000619a00000, 0x0000000619a00000, 0x0000000619c00000|  0%| F|  |TAMS 0x0000000619a00000, 0x0000000619a00000| Untracked 
| 196|0x0000000619c00000, 0x0000000619c00000, 0x0000000619e00000|  0%| F|  |TAMS 0x0000000619c00000, 0x0000000619c00000| Untracked 
| 197|0x0000000619e00000, 0x0000000619e00000, 0x000000061a000000|  0%| F|  |TAMS 0x0000000619e00000, 0x0000000619e00000| Untracked 
| 198|0x000000061a000000, 0x000000061a000000, 0x000000061a200000|  0%| F|  |TAMS 0x000000061a000000, 0x000000061a000000| Untracked 
| 199|0x000000061a200000, 0x000000061a200000, 0x000000061a400000|  0%| F|  |TAMS 0x000000061a200000, 0x000000061a200000| Untracked 
| 200|0x000000061a400000, 0x000000061a400000, 0x000000061a600000|  0%| F|  |TAMS 0x000000061a400000, 0x000000061a400000| Untracked 
| 201|0x000000061a600000, 0x000000061a600000, 0x000000061a800000|  0%| F|  |TAMS 0x000000061a600000, 0x000000061a600000| Untracked 
| 202|0x000000061a800000, 0x000000061a800000, 0x000000061aa00000|  0%| F|  |TAMS 0x000000061a800000, 0x000000061a800000| Untracked 
| 203|0x000000061aa00000, 0x000000061aa00000, 0x000000061ac00000|  0%| F|  |TAMS 0x000000061aa00000, 0x000000061aa00000| Untracked 
| 204|0x000000061ac00000, 0x000000061ac00000, 0x000000061ae00000|  0%| F|  |TAMS 0x000000061ac00000, 0x000000061ac00000| Untracked 
| 205|0x000000061ae00000, 0x000000061ae00000, 0x000000061b000000|  0%| F|  |TAMS 0x000000061ae00000, 0x000000061ae00000| Untracked 
| 206|0x000000061b000000, 0x000000061b000000, 0x000000061b200000|  0%| F|  |TAMS 0x000000061b000000, 0x000000061b000000| Untracked 
| 207|0x000000061b200000, 0x000000061b200000, 0x000000061b400000|  0%| F|  |TAMS 0x000000061b200000, 0x000000061b200000| Untracked 
| 208|0x000000061b400000, 0x000000061b400000, 0x000000061b600000|  0%| F|  |TAMS 0x000000061b400000, 0x000000061b400000| Untracked 
| 209|0x000000061b600000, 0x000000061b600000, 0x000000061b800000|  0%| F|  |TAMS 0x000000061b600000, 0x000000061b600000| Untracked 
| 210|0x000000061b800000, 0x000000061b800000, 0x000000061ba00000|  0%| F|  |TAMS 0x000000061b800000, 0x000000061b800000| Untracked 
| 211|0x000000061ba00000, 0x000000061ba00000, 0x000000061bc00000|  0%| F|  |TAMS 0x000000061ba00000, 0x000000061ba00000| Untracked 
| 212|0x000000061bc00000, 0x000000061bc00000, 0x000000061be00000|  0%| F|  |TAMS 0x000000061bc00000, 0x000000061bc00000| Untracked 
| 213|0x000000061be00000, 0x000000061be00000, 0x000000061c000000|  0%| F|  |TAMS 0x000000061be00000, 0x000000061be00000| Untracked 
| 214|0x000000061c000000, 0x000000061c000000, 0x000000061c200000|  0%| F|  |TAMS 0x000000061c000000, 0x000000061c000000| Untracked 
| 215|0x000000061c200000, 0x000000061c200000, 0x000000061c400000|  0%| F|  |TAMS 0x000000061c200000, 0x000000061c200000| Untracked 
| 216|0x000000061c400000, 0x000000061c400000, 0x000000061c600000|  0%| F|  |TAMS 0x000000061c400000, 0x000000061c400000| Untracked 
| 217|0x000000061c600000, 0x000000061c781340, 0x000000061c800000| 75%| S|CS|TAMS 0x000000061c600000, 0x000000061c600000| Complete 
| 218|0x000000061c800000, 0x000000061ca00000, 0x000000061ca00000|100%| S|CS|TAMS 0x000000061c800000, 0x000000061c800000| Complete 
| 219|0x000000061ca00000, 0x000000061cc00000, 0x000000061cc00000|100%| S|CS|TAMS 0x000000061ca00000, 0x000000061ca00000| Complete 
| 220|0x000000061cc00000, 0x000000061ce00000, 0x000000061ce00000|100%| S|CS|TAMS 0x000000061cc00000, 0x000000061cc00000| Complete 
| 221|0x000000061ce00000, 0x000000061d000000, 0x000000061d000000|100%| S|CS|TAMS 0x000000061ce00000, 0x000000061ce00000| Complete 
| 222|0x000000061d000000, 0x000000061d000000, 0x000000061d200000|  0%| F|  |TAMS 0x000000061d000000, 0x000000061d000000| Untracked 
| 223|0x000000061d200000, 0x000000061d200000, 0x000000061d400000|  0%| F|  |TAMS 0x000000061d200000, 0x000000061d200000| Untracked 
| 224|0x000000061d400000, 0x000000061d400000, 0x000000061d600000|  0%| F|  |TAMS 0x000000061d400000, 0x000000061d400000| Untracked 
| 225|0x000000061d600000, 0x000000061d600000, 0x000000061d800000|  0%| F|  |TAMS 0x000000061d600000, 0x000000061d600000| Untracked 
| 226|0x000000061d800000, 0x000000061d800000, 0x000000061da00000|  0%| F|  |TAMS 0x000000061d800000, 0x000000061d800000| Untracked 
| 227|0x000000061da00000, 0x000000061da00000, 0x000000061dc00000|  0%| F|  |TAMS 0x000000061da00000, 0x000000061da00000| Untracked 
| 228|0x000000061dc00000, 0x000000061dc00000, 0x000000061de00000|  0%| F|  |TAMS 0x000000061dc00000, 0x000000061dc00000| Untracked 
| 229|0x000000061de00000, 0x000000061de00000, 0x000000061e000000|  0%| F|  |TAMS 0x000000061de00000, 0x000000061de00000| Untracked 
| 230|0x000000061e000000, 0x000000061e000000, 0x000000061e200000|  0%| F|  |TAMS 0x000000061e000000, 0x000000061e000000| Untracked 
| 231|0x000000061e200000, 0x000000061e200000, 0x000000061e400000|  0%| F|  |TAMS 0x000000061e200000, 0x000000061e200000| Untracked 
| 232|0x000000061e400000, 0x000000061e400000, 0x000000061e600000|  0%| F|  |TAMS 0x000000061e400000, 0x000000061e400000| Untracked 
| 233|0x000000061e600000, 0x000000061e600000, 0x000000061e800000|  0%| F|  |TAMS 0x000000061e600000, 0x000000061e600000| Untracked 
| 234|0x000000061e800000, 0x000000061e800000, 0x000000061ea00000|  0%| F|  |TAMS 0x000000061e800000, 0x000000061e800000| Untracked 
| 235|0x000000061ea00000, 0x000000061ea00000, 0x000000061ec00000|  0%| F|  |TAMS 0x000000061ea00000, 0x000000061ea00000| Untracked 
| 236|0x000000061ec00000, 0x000000061ec00000, 0x000000061ee00000|  0%| F|  |TAMS 0x000000061ec00000, 0x000000061ec00000| Untracked 
| 237|0x000000061ee00000, 0x000000061ee00000, 0x000000061f000000|  0%| F|  |TAMS 0x000000061ee00000, 0x000000061ee00000| Untracked 
| 238|0x000000061f000000, 0x000000061f000000, 0x000000061f200000|  0%| F|  |TAMS 0x000000061f000000, 0x000000061f000000| Untracked 
| 239|0x000000061f200000, 0x000000061f200000, 0x000000061f400000|  0%| F|  |TAMS 0x000000061f200000, 0x000000061f200000| Untracked 
| 240|0x000000061f400000, 0x000000061f400000, 0x000000061f600000|  0%| F|  |TAMS 0x000000061f400000, 0x000000061f400000| Untracked 
| 241|0x000000061f600000, 0x000000061f600000, 0x000000061f800000|  0%| F|  |TAMS 0x000000061f600000, 0x000000061f600000| Untracked 
| 242|0x000000061f800000, 0x000000061f800000, 0x000000061fa00000|  0%| F|  |TAMS 0x000000061f800000, 0x000000061f800000| Untracked 
| 243|0x000000061fa00000, 0x000000061fa00000, 0x000000061fc00000|  0%| F|  |TAMS 0x000000061fa00000, 0x000000061fa00000| Untracked 
| 244|0x000000061fc00000, 0x000000061fc00000, 0x000000061fe00000|  0%| F|  |TAMS 0x000000061fc00000, 0x000000061fc00000| Untracked 
| 245|0x000000061fe00000, 0x000000061fe00000, 0x0000000620000000|  0%| F|  |TAMS 0x000000061fe00000, 0x000000061fe00000| Untracked 
| 246|0x0000000620000000, 0x0000000620000000, 0x0000000620200000|  0%| F|  |TAMS 0x0000000620000000, 0x0000000620000000| Untracked 
| 247|0x0000000620200000, 0x0000000620200000, 0x0000000620400000|  0%| F|  |TAMS 0x0000000620200000, 0x0000000620200000| Untracked 
| 248|0x0000000620400000, 0x0000000620400000, 0x0000000620600000|  0%| F|  |TAMS 0x0000000620400000, 0x0000000620400000| Untracked 
| 249|0x0000000620600000, 0x0000000620600000, 0x0000000620800000|  0%| F|  |TAMS 0x0000000620600000, 0x0000000620600000| Untracked 
| 250|0x0000000620800000, 0x0000000620800000, 0x0000000620a00000|  0%| F|  |TAMS 0x0000000620800000, 0x0000000620800000| Untracked 
| 251|0x0000000620a00000, 0x0000000620c00000, 0x0000000620c00000|100%| E|  |TAMS 0x0000000620a00000, 0x0000000620a00000| Complete 
| 252|0x0000000620c00000, 0x0000000620e00000, 0x0000000620e00000|100%| E|CS|TAMS 0x0000000620c00000, 0x0000000620c00000| Complete 
| 253|0x0000000620e00000, 0x0000000621000000, 0x0000000621000000|100%| E|CS|TAMS 0x0000000620e00000, 0x0000000620e00000| Complete 
| 254|0x0000000621000000, 0x0000000621200000, 0x0000000621200000|100%| E|CS|TAMS 0x0000000621000000, 0x0000000621000000| Complete 
| 255|0x0000000621200000, 0x0000000621400000, 0x0000000621400000|100%| E|CS|TAMS 0x0000000621200000, 0x0000000621200000| Complete 

Card table byte_map: [0x000001f4ec3f0000,0x000001f4ed3f0000] _byte_map_base: 0x000001f4e93e6000

Marking Bits (Prev, Next): (CMBitMap*) 0x000001f4d1db2f68, (CMBitMap*) 0x000001f4d1db2fa8
 Prev Bits: [0x000001f4ee3f0000, 0x000001f4f63a0000)
 Next Bits: [0x000001f4f63a0000, 0x000001f4fe350000)

Polling page: 0x000001f4d1510000

Metaspace:

Usage:
  Non-class:     20.17 MB capacity,    19.61 MB ( 97%) used,   507.47 KB (  2%) free+waste,    67.00 KB ( <1%) overhead. 
      Class:      2.81 MB capacity,     2.45 MB ( 87%) used,   329.05 KB ( 11%) free+waste,    36.25 KB (  1%) overhead. 
       Both:     22.98 MB capacity,    22.06 MB ( 96%) used,   836.52 KB (  4%) free+waste,   103.25 KB ( <1%) overhead. 

Virtual space:
  Non-class space:       22.00 MB reserved,      20.19 MB ( 92%) committed 
      Class space:        1.00 GB reserved,       2.88 MB ( <1%) committed 
             Both:        1.02 GB reserved,      23.07 MB (  2%) committed 

Chunk freelists:
   Non-Class:  13.00 KB
       Class:  5.00 KB
        Both:  18.00 KB

MaxMetaspaceSize: 17179869184.00 GB
CompressedClassSpaceSize: 1.00 GB

CodeHeap 'non-profiled nmethods': size=119168Kb used=1846Kb max_used=1846Kb free=117321Kb
 bounds [0x000001f4e3700000, 0x000001f4e3970000, 0x000001f4eab60000]
CodeHeap 'profiled nmethods': size=119104Kb used=8298Kb max_used=8298Kb free=110806Kb
 bounds [0x000001f4dc2b0000, 0x000001f4dcad0000, 0x000001f4e3700000]
CodeHeap 'non-nmethods': size=7488Kb used=4095Kb max_used=4162Kb free=3392Kb
 bounds [0x000001f4dbb60000, 0x000001f4dbf80000, 0x000001f4dc2b0000]
 total_blobs=4634 nmethods=3735 adapters=808
 compilation: enabled
              stopped_count=0, restarted_count=0
 full_count=0

Compilation events (20 events):
Event: 9.413 Thread 0x000001f48214e800 3478       3       groovy.lang.MetaMethod::equal (38 bytes)
Event: 9.413 Thread 0x000001f48214e800 nmethod 3478 0x000001f4dca30290 code [0x000001f4dca30440, 0x000001f4dca306b8]
Event: 9.414 Thread 0x000001f4898a2800 nmethod 3466 0x000001f4e388ce90 code [0x000001f4e388d060, 0x000001f4e388d558]
Event: 9.414 Thread 0x000001f48b5cc000 nmethod 3474 0x000001f4dca30810 code [0x000001f4dca30f00, 0x000001f4dca35fb8]
Event: 9.414 Thread 0x000001f48d9d9800 3479       4       org.codehaus.groovy.runtime.metaclass.MetaMethodIndex::addMethodToList (298 bytes)
Event: 9.415 Thread 0x000001f4898a2800 3480       4       java.util.Arrays::binarySearch0 (95 bytes)
Event: 9.415 Thread 0x000001f48b3ce800 3481       4       java.lang.AbstractStringBuilder::append (55 bytes)
Event: 9.415 Thread 0x000001f48214e800 3482       1       groovy.lang.MetaClassImpl$MethodIndexAction::skipClass (2 bytes)
Event: 9.415 Thread 0x000001f48214e800 nmethod 3482 0x000001f4e388d710 code [0x000001f4e388d8a0, 0x000001f4e388d978]
Event: 9.418 Thread 0x000001f48b5c1800 3484       3       java.util.logging.LogManager::getProperty (9 bytes)
Event: 9.418 Thread 0x000001f48b5c1800 nmethod 3484 0x000001f4dca37310 code [0x000001f4dca374c0, 0x000001f4dca376a8]
Event: 9.418 Thread 0x000001f4898a2800 nmethod 3480 0x000001f4e388da10 code [0x000001f4e388dc40, 0x000001f4e388e508]
Event: 9.418 Thread 0x000001f4898a2800 3483       4       jdk.internal.loader.URLClassPath$JarLoader::validIndex (94 bytes)
Event: 9.418 Thread 0x000001f482149000 nmethod 3477 0x000001f4e388e990 code [0x000001f4e388ebc0, 0x000001f4e388f658]
Event: 9.419 Thread 0x000001f48b5c1800 3485       3       java.util.Properties::getProperty (50 bytes)
Event: 9.419 Thread 0x000001f48b5c1800 nmethod 3485 0x000001f4dca37790 code [0x000001f4dca37960, 0x000001f4dca37e98]
Event: 9.419 Thread 0x000001f482149000 3486       4       java.lang.invoke.DirectMethodHandle$Holder::invokeStatic (15 bytes)
Event: 9.419 Thread 0x000001f482149000 nmethod 3486 0x000001f4e388fa90 code [0x000001f4e388fc40, 0x000001f4e388fd28]
Event: 9.420 Thread 0x000001f48214e800 3487       3       org.codehaus.groovy.util.FastArray::<init> (13 bytes)
Event: 9.420 Thread 0x000001f48214e800 nmethod 3487 0x000001f4dca38010 code [0x000001f4dca381c0, 0x000001f4dca38458]

GC Heap History (6 events):
Event: 8.970 GC heap before
{Heap before GC invocations=0 (full 0):
 garbage-first heap   total 524288K, used 24576K [0x0000000601400000, 0x0000000800000000)
  region size 2048K, 12 young (24576K), 0 survivors (0K)
 Metaspace       used 11526K, capacity 11911K, committed 12032K, reserved 1060864K
  class space    used 1300K, capacity 1470K, committed 1536K, reserved 1048576K
}
Event: 8.972 GC heap after
{Heap after GC invocations=1 (full 0):
 garbage-first heap   total 524288K, used 5820K [0x0000000601400000, 0x0000000800000000)
  region size 2048K, 2 young (4096K), 2 survivors (4096K)
 Metaspace       used 11526K, capacity 11911K, committed 12032K, reserved 1060864K
  class space    used 1300K, capacity 1470K, committed 1536K, reserved 1048576K
}
Event: 9.119 GC heap before
{Heap before GC invocations=1 (full 0):
 garbage-first heap   total 524288K, used 32444K [0x0000000601400000, 0x0000000800000000)
  region size 2048K, 16 young (32768K), 2 survivors (4096K)
 Metaspace       used 15540K, capacity 15920K, committed 16000K, reserved 1062912K
  class space    used 1702K, capacity 1865K, committed 1920K, reserved 1048576K
}
Event: 9.121 GC heap after
{Heap after GC invocations=2 (full 0):
 garbage-first heap   total 524288K, used 9015K [0x0000000601400000, 0x0000000800000000)
  region size 2048K, 2 young (4096K), 2 survivors (4096K)
 Metaspace       used 15540K, capacity 15920K, committed 16000K, reserved 1062912K
  class space    used 1702K, capacity 1865K, committed 1920K, reserved 1048576K
}
Event: 9.420 GC heap before
{Heap before GC invocations=2 (full 0):
 garbage-first heap   total 524288K, used 72503K [0x0000000601400000, 0x0000000800000000)
  region size 2048K, 34 young (69632K), 2 survivors (4096K)
 Metaspace       used 20279K, capacity 21146K, committed 21296K, reserved 1069056K
  class space    used 2266K, capacity 2638K, committed 2688K, reserved 1048576K
}
Event: 9.423 GC heap after
{Heap after GC invocations=3 (full 0):
 garbage-first heap   total 524288K, used 15636K [0x0000000601400000, 0x0000000800000000)
  region size 2048K, 5 young (10240K), 5 survivors (10240K)
 Metaspace       used 20279K, capacity 21146K, committed 21296K, reserved 1069056K
  class space    used 2266K, capacity 2638K, committed 2688K, reserved 1048576K
}

Deoptimization events (20 events):
Event: 9.414 Thread 0x000001f48939e800 Uncommon trap: trap_request=0xffffffc6 fr.pc=0x000001f4e388083c relative=0x000000000000767c
Event: 9.414 Thread 0x000001f48939e800 Uncommon trap: reason=bimorphic_or_optimized_type_check action=maybe_recompile pc=0x000001f4e388083c method=org.codehaus.groovy.runtime.metaclass.MetaMethodIndex.addMethodToList(Ljava/lang/Object;Lgroovy/lang/MetaMethod;)Ljava/lang/Object; @ 130 c2
Event: 9.414 Thread 0x000001f48939e800 DEOPT PACKING pc=0x000001f4e388083c sp=0x000000a1d56f90e0
Event: 9.414 Thread 0x000001f48939e800 DEOPT UNPACKING pc=0x000001f4dbba912f sp=0x000000a1d56f9138 mode 2
Event: 9.414 Thread 0x000001f48939e800 Uncommon trap: trap_request=0xffffffc6 fr.pc=0x000001f4e388083c relative=0x000000000000767c
Event: 9.414 Thread 0x000001f48939e800 Uncommon trap: reason=bimorphic_or_optimized_type_check action=maybe_recompile pc=0x000001f4e388083c method=org.codehaus.groovy.runtime.metaclass.MetaMethodIndex.addMethodToList(Ljava/lang/Object;Lgroovy/lang/MetaMethod;)Ljava/lang/Object; @ 130 c2
Event: 9.414 Thread 0x000001f48939e800 DEOPT PACKING pc=0x000001f4e388083c sp=0x000000a1d56f90e0
Event: 9.414 Thread 0x000001f48939e800 DEOPT UNPACKING pc=0x000001f4dbba912f sp=0x000000a1d56f9138 mode 2
Event: 9.414 Thread 0x000001f48939e800 Uncommon trap: trap_request=0xffffffc6 fr.pc=0x000001f4e388083c relative=0x000000000000767c
Event: 9.414 Thread 0x000001f48939e800 Uncommon trap: reason=bimorphic_or_optimized_type_check action=maybe_recompile pc=0x000001f4e388083c method=org.codehaus.groovy.runtime.metaclass.MetaMethodIndex.addMethodToList(Ljava/lang/Object;Lgroovy/lang/MetaMethod;)Ljava/lang/Object; @ 130 c2
Event: 9.414 Thread 0x000001f48939e800 DEOPT PACKING pc=0x000001f4e388083c sp=0x000000a1d56f90e0
Event: 9.414 Thread 0x000001f48939e800 DEOPT UNPACKING pc=0x000001f4dbba912f sp=0x000000a1d56f9138 mode 2
Event: 9.414 Thread 0x000001f48939e800 Uncommon trap: trap_request=0xffffffc6 fr.pc=0x000001f4e3880b30 relative=0x0000000000007970
Event: 9.414 Thread 0x000001f48939e800 Uncommon trap: reason=bimorphic_or_optimized_type_check action=maybe_recompile pc=0x000001f4e3880b30 method=org.codehaus.groovy.runtime.metaclass.MetaMethodIndex.addMethodToList(Ljava/lang/Object;Lgroovy/lang/MetaMethod;)Ljava/lang/Object; @ 283 c2
Event: 9.414 Thread 0x000001f48939e800 DEOPT PACKING pc=0x000001f4e3880b30 sp=0x000000a1d56f90e0
Event: 9.414 Thread 0x000001f48939e800 DEOPT UNPACKING pc=0x000001f4dbba912f sp=0x000000a1d56f9138 mode 2
Event: 9.414 Thread 0x000001f48939e800 Uncommon trap: trap_request=0xffffffc6 fr.pc=0x000001f4e3880b30 relative=0x0000000000007970
Event: 9.414 Thread 0x000001f48939e800 Uncommon trap: reason=bimorphic_or_optimized_type_check action=maybe_recompile pc=0x000001f4e3880b30 method=org.codehaus.groovy.runtime.metaclass.MetaMethodIndex.addMethodToList(Ljava/lang/Object;Lgroovy/lang/MetaMethod;)Ljava/lang/Object; @ 283 c2
Event: 9.414 Thread 0x000001f48939e800 DEOPT PACKING pc=0x000001f4e3880b30 sp=0x000000a1d56f90e0
Event: 9.414 Thread 0x000001f48939e800 DEOPT UNPACKING pc=0x000001f4dbba912f sp=0x000000a1d56f9138 mode 2

Classes unloaded (0 events):
No events

Classes redefined (0 events):
No events

Internal exceptions (20 events):
Event: 9.398 Thread 0x000001f48939e800 Exception <a 'java/lang/ClassNotFoundException'{0x000000061d65d918}: java/util/Collections$UnmodifiableRandomAccessListBeanInfo> (0x000000061d65d918) 
thrown [./src/hotspot/share/classfile/systemDictionary.cpp, line 226]
Event: 9.398 Thread 0x000001f48939e800 Exception <a 'java/lang/ClassNotFoundException'{0x000000061d65f930}: java/util/Collections$UnmodifiableListBeanInfo> (0x000000061d65f930) 
thrown [./src/hotspot/share/classfile/systemDictionary.cpp, line 226]
Event: 9.398 Thread 0x000001f48939e800 Exception <a 'java/lang/ClassNotFoundException'{0x000000061d661c08}: java/util/Collections$UnmodifiableCollectionBeanInfo> (0x000000061d661c08) 
thrown [./src/hotspot/share/classfile/systemDictionary.cpp, line 226]
Event: 9.398 Thread 0x000001f48939e800 Exception <a 'java/lang/ClassNotFoundException'{0x000000061d663eb8}: java/util/Collections$UnmodifiableCollectionCustomizer> (0x000000061d663eb8) 
thrown [./src/hotspot/share/classfile/systemDictionary.cpp, line 226]
Event: 9.399 Thread 0x000001f48939e800 Exception <a 'java/lang/ClassNotFoundException'{0x000000061d681a38}: java/util/Collections$UnmodifiableListCustomizer> (0x000000061d681a38) 
thrown [./src/hotspot/share/classfile/systemDictionary.cpp, line 226]
Event: 9.399 Thread 0x000001f48939e800 Exception <a 'java/lang/ClassNotFoundException'{0x000000061d69d5f0}: java/util/Collections$UnmodifiableRandomAccessListCustomizer> (0x000000061d69d5f0) 
thrown [./src/hotspot/share/classfile/systemDictionary.cpp, line 226]
Event: 9.401 Thread 0x000001f48939e800 Exception <a 'java/lang/ClassNotFoundException'{0x000000061d6de2c0}: java/lang/MathBeanInfo> (0x000000061d6de2c0) 
thrown [./src/hotspot/share/classfile/systemDictionary.cpp, line 226]
Event: 9.402 Thread 0x000001f48939e800 Exception <a 'java/lang/ClassNotFoundException'{0x000000061d6dff80}: java/lang/MathCustomizer> (0x000000061d6dff80) 
thrown [./src/hotspot/share/classfile/systemDictionary.cpp, line 226]
Event: 9.407 Thread 0x000001f48939e800 Exception <a 'java/lang/ClassNotFoundException'{0x000000061d7d9dc8}: org/apache/http/impl/client/DefaultHttpClientBeanInfo> (0x000000061d7d9dc8) 
thrown [./src/hotspot/share/classfile/systemDictionary.cpp, line 226]
Event: 9.408 Thread 0x000001f48939e800 Exception <a 'java/lang/ClassNotFoundException'{0x000000061d7e1f18}: org/apache/http/impl/client/AbstractHttpClientBeanInfo> (0x000000061d7e1f18) 
thrown [./src/hotspot/share/classfile/systemDictionary.cpp, line 226]
Event: 9.408 Thread 0x000001f48939e800 Exception <a 'java/lang/ClassNotFoundException'{0x000000061d7ea350}: org/apache/http/impl/client/CloseableHttpClientBeanInfo> (0x000000061d7ea350) 
thrown [./src/hotspot/share/classfile/systemDictionary.cpp, line 226]
Event: 9.408 Thread 0x000001f48939e800 Exception <a 'java/lang/ClassNotFoundException'{0x000000061d7f27d8}: org/apache/http/impl/client/CloseableHttpClientCustomizer> (0x000000061d7f27d8) 
thrown [./src/hotspot/share/classfile/systemDictionary.cpp, line 226]
Event: 9.408 Thread 0x000001f48939e800 Exception <a 'java/lang/ClassNotFoundException'{0x000000061d40dc48}: org/apache/http/impl/client/AbstractHttpClientCustomizer> (0x000000061d40dc48) 
thrown [./src/hotspot/share/classfile/systemDictionary.cpp, line 226]
Event: 9.409 Thread 0x000001f48939e800 Exception <a 'java/lang/ClassNotFoundException'{0x000000061d4406b0}: org/apache/http/impl/client/DefaultHttpClientCustomizer> (0x000000061d4406b0) 
thrown [./src/hotspot/share/classfile/systemDictionary.cpp, line 226]
Event: 9.411 Thread 0x000001f48939e800 Exception <a 'java/lang/ClassNotFoundException'{0x000000061d495e40}: io/restassured/internal/RequestSpecificationImpl$RestAssuredHttpBuilderBeanInfo> (0x000000061d495e40) 
thrown [./src/hotspot/share/classfile/systemDictionary.cpp, line 226]
Event: 9.411 Thread 0x000001f48939e800 Exception <a 'java/lang/ClassNotFoundException'{0x000000061d49d998}: io/restassured/internal/http/HTTPBuilderBeanInfo> (0x000000061d49d998) 
thrown [./src/hotspot/share/classfile/systemDictionary.cpp, line 226]
Event: 9.412 Thread 0x000001f48939e800 Exception <a 'java/lang/ClassNotFoundException'{0x000000061d4a5170}: io/restassured/internal/http/HTTPBuilderCustomizer> (0x000000061d4a5170) 
thrown [./src/hotspot/share/classfile/systemDictionary.cpp, line 226]
Event: 9.412 Thread 0x000001f48939e800 Exception <a 'java/lang/ClassNotFoundException'{0x000000061d4c69e0}: io/restassured/internal/RequestSpecificationImpl$RestAssuredHttpBuilderCustomizer> (0x000000061d4c69e0) 
thrown [./src/hotspot/share/classfile/systemDictionary.cpp, line 226]
Event: 9.415 Thread 0x000001f48939e800 Exception <a 'java/lang/ClassNotFoundException'{0x000000061d2b60a8}: org/codehaus/groovy/runtime/MethodClosureBeanInfo> (0x000000061d2b60a8) 
thrown [./src/hotspot/share/classfile/systemDictionary.cpp, line 226]
Event: 9.416 Thread 0x000001f48939e800 Exception <a 'java/lang/ClassNotFoundException'{0x000000061d03ec90}: org/codehaus/groovy/runtime/MethodClosureCustomizer> (0x000000061d03ec90) 
thrown [./src/hotspot/share/classfile/systemDictionary.cpp, line 226]

Events (20 events):
Event: 9.399 loading class java/util/Collections$UnmodifiableListCustomizer
Event: 9.399 loading class java/util/Collections$UnmodifiableListCustomizer done
Event: 9.399 loading class java/util/Collections$UnmodifiableRandomAccessListCustomizer
Event: 9.399 loading class java/util/Collections$UnmodifiableRandomAccessListCustomizer done
Event: 9.399 loading class java/util/Collections$UnmodifiableRandomAccessListCustomizer
Event: 9.399 loading class java/util/Collections$UnmodifiableRandomAccessListCustomizer done
Event: 9.401 loading class java/lang/MathBeanInfo
Event: 9.401 loading class java/lang/MathBeanInfo done
Event: 9.401 loading class java/lang/MathBeanInfo
Event: 9.401 loading class java/lang/MathBeanInfo done
Event: 9.401 loading class java/lang/MathCustomizer
Event: 9.401 loading class java/lang/MathCustomizer done
Event: 9.401 loading class java/lang/MathCustomizer
Event: 9.401 loading class java/lang/MathCustomizer done
Event: 9.414 Executing VM operation: ICBufferFull
Event: 9.414 Executing VM operation: ICBufferFull done
Event: 9.420 Executing VM operation: CollectForMetadataAllocation
Event: 9.423 Executing VM operation: CollectForMetadataAllocation done
Event: 9.423 Executing VM operation: HandshakeOneThread
Event: 9.423 Executing VM operation: HandshakeOneThread done


Dynamic libraries:
0x00007ff775590000 - 0x00007ff77559d000 	C:\Users\rando\.jdks\liberica-14.0.2\bin\java.exe
0x00007ffa32470000 - 0x00007ffa32666000 	C:\WINDOWS\SYSTEM32\ntdll.dll
0x00007ffa31250000 - 0x00007ffa3130d000 	C:\WINDOWS\System32\KERNEL32.DLL
0x00007ffa2ff60000 - 0x00007ffa30228000 	C:\WINDOWS\System32\KERNELBASE.dll
0x00007ffa2fde0000 - 0x00007ffa2fee0000 	C:\WINDOWS\System32\ucrtbase.dll
0x00007ffa2b8c0000 - 0x00007ffa2b8d8000 	C:\Users\rando\.jdks\liberica-14.0.2\bin\jli.dll
0x00007ffa2b840000 - 0x00007ffa2b855000 	C:\Users\rando\.jdks\liberica-14.0.2\bin\VCRUNTIME140.dll
0x00007ffa30a60000 - 0x00007ffa30c00000 	C:\WINDOWS\System32\USER32.dll
0x00007ffa1cc30000 - 0x00007ffa1cecb000 	C:\WINDOWS\WinSxS\amd64_microsoft.windows.common-controls_6595b64144ccf1df_6.0.19041.488_none_ca04af081b815d21\COMCTL32.dll
0x00007ffa2fd60000 - 0x00007ffa2fd82000 	C:\WINDOWS\System32\win32u.dll
0x00007ffa310c0000 - 0x00007ffa3115e000 	C:\WINDOWS\System32\msvcrt.dll
0x00007ffa30eb0000 - 0x00007ffa30eda000 	C:\WINDOWS\System32\GDI32.dll
0x00007ffa2fbc0000 - 0x00007ffa2fcc9000 	C:\WINDOWS\System32\gdi32full.dll
0x00007ffa30440000 - 0x00007ffa304dd000 	C:\WINDOWS\System32\msvcp_win.dll
0x00007ffa30560000 - 0x00007ffa30590000 	C:\WINDOWS\System32\IMM32.DLL
0x00007ffa18900000 - 0x00007ffa1899b000 	C:\Users\rando\.jdks\liberica-14.0.2\bin\msvcp140.dll
0x00007ff9c5370000 - 0x00007ff9c5f06000 	C:\Users\rando\.jdks\liberica-14.0.2\bin\server\jvm.dll
0x00007ffa32380000 - 0x00007ffa3242a000 	C:\WINDOWS\System32\ADVAPI32.dll
0x00007ffa31c90000 - 0x00007ffa31d2b000 	C:\WINDOWS\System32\sechost.dll
0x00007ffa30ee0000 - 0x00007ffa31004000 	C:\WINDOWS\System32\RPCRT4.dll
0x00007ffa31160000 - 0x00007ffa31168000 	C:\WINDOWS\System32\PSAPI.DLL
0x00007ffa1fde0000 - 0x00007ffa1fe07000 	C:\WINDOWS\SYSTEM32\WINMM.dll
0x00007ffa24f80000 - 0x00007ffa24f89000 	C:\WINDOWS\SYSTEM32\WSOCK32.dll
0x00007ffa27240000 - 0x00007ffa2724a000 	C:\WINDOWS\SYSTEM32\VERSION.dll
0x00007ffa32310000 - 0x00007ffa3237b000 	C:\WINDOWS\System32\WS2_32.dll
0x00007ffa2e4c0000 - 0x00007ffa2e4d2000 	C:\WINDOWS\SYSTEM32\kernel.appcore.dll
0x00007ffa2b8b0000 - 0x00007ffa2b8ba000 	C:\Users\rando\.jdks\liberica-14.0.2\bin\jimage.dll
0x00007ffa2db00000 - 0x00007ffa2dce4000 	C:\WINDOWS\SYSTEM32\DBGHELP.DLL
0x00007ffa1da60000 - 0x00007ffa1da8c000 	C:\WINDOWS\SYSTEM32\dbgcore.DLL
0x00007ffa2fee0000 - 0x00007ffa2ff5f000 	C:\WINDOWS\System32\bcryptPrimitives.dll
0x00007ffa2b710000 - 0x00007ffa2b71e000 	C:\Users\rando\.jdks\liberica-14.0.2\bin\instrument.dll
0x00007ffa24fa0000 - 0x00007ffa24fc5000 	C:\Users\rando\.jdks\liberica-14.0.2\bin\java.dll
0x00007ffa26cd0000 - 0x00007ffa26ce6000 	C:\Users\rando\.jdks\liberica-14.0.2\bin\zip.dll
0x00007ffa31400000 - 0x00007ffa31b40000 	C:\WINDOWS\System32\SHELL32.dll
0x00007ffa2dcf0000 - 0x00007ffa2e484000 	C:\WINDOWS\SYSTEM32\windows.storage.dll
0x00007ffa31d30000 - 0x00007ffa32085000 	C:\WINDOWS\System32\combase.dll
0x00007ffa2f630000 - 0x00007ffa2f65c000 	C:\WINDOWS\SYSTEM32\Wldp.dll
0x00007ffa31010000 - 0x00007ffa310be000 	C:\WINDOWS\System32\SHCORE.dll
0x00007ffa30d20000 - 0x00007ffa30d75000 	C:\WINDOWS\System32\shlwapi.dll
0x00007ffa2faf0000 - 0x00007ffa2fb16000 	C:\WINDOWS\SYSTEM32\profapi.dll
0x00007ffa24f50000 - 0x00007ffa24f69000 	C:\Users\rando\.jdks\liberica-14.0.2\bin\net.dll
0x00007ffa27d70000 - 0x00007ffa27e70000 	C:\WINDOWS\SYSTEM32\WINHTTP.dll
0x00007ffa2f3b0000 - 0x00007ffa2f41a000 	C:\WINDOWS\system32\mswsock.dll
0x00007ffa24f20000 - 0x00007ffa24f32000 	C:\Users\rando\.jdks\liberica-14.0.2\bin\nio.dll
0x00007ffa22a20000 - 0x00007ffa22a3a000 	C:\Users\rando\AppData\Local\JetBrains\IntelliJ IDEA Community Edition 2020.2.3\bin\breakgen64.dll
0x00007ffa06fb0000 - 0x00007ffa07148000 	C:\Users\rando\.jdks\liberica-14.0.2\bin\awt.dll
0x00007ffa32240000 - 0x00007ffa3230d000 	C:\WINDOWS\System32\OLEAUT32.dll
0x00007ffa2d1d0000 - 0x00007ffa2d260000 	C:\WINDOWS\SYSTEM32\apphelp.dll
0x00007ffa2d570000 - 0x00007ffa2d59f000 	C:\WINDOWS\system32\DWMAPI.DLL
0x00007ffa2d2c0000 - 0x00007ffa2d35f000 	C:\WINDOWS\system32\uxtheme.dll
0x00007ff9be9c0000 - 0x00007ff9beae5000 	C:\WINDOWS\system32\opengl32.dll
0x00007ffa08e50000 - 0x00007ffa08e7c000 	C:\WINDOWS\SYSTEM32\GLU32.dll
0x00007ffa31b40000 - 0x00007ffa31c55000 	C:\WINDOWS\System32\MSCTF.dll
0x00007ffa30d80000 - 0x00007ffa30eaa000 	C:\WINDOWS\System32\ole32.dll
0x00007ffa1ff30000 - 0x00007ffa200fe000 	C:\WINDOWS\system32\d3d9.dll
0x00007ffa14cb0000 - 0x00007ffa14db2000 	C:\WINDOWS\System32\DriverStore\FileRepository\nv_dispui.inf_amd64_44810405883ed093\nvldumdx.dll
0x00007ffa302e0000 - 0x00007ffa3043d000 	C:\WINDOWS\System32\crypt32.dll
0x00007ffa271f0000 - 0x00007ffa27221000 	C:\WINDOWS\SYSTEM32\cryptnet.dll
0x00007ffa2f5a0000 - 0x00007ffa2f5ac000 	C:\WINDOWS\SYSTEM32\cryptbase.dll
0x00007ffa2fd00000 - 0x00007ffa2fd60000 	C:\WINDOWS\System32\WINTRUST.DLL
0x00007ffa2f7b0000 - 0x00007ffa2f7c2000 	C:\WINDOWS\SYSTEM32\MSASN1.dll
0x00007ffa31c70000 - 0x00007ffa31c8d000 	C:\WINDOWS\System32\imagehlp.dll
0x00007ffa2f580000 - 0x00007ffa2f598000 	C:\WINDOWS\SYSTEM32\CRYPTSP.dll
0x00007ffa2ecd0000 - 0x00007ffa2ed04000 	C:\WINDOWS\system32\rsaenh.dll
0x00007ffa2fcd0000 - 0x00007ffa2fcf7000 	C:\WINDOWS\System32\bcrypt.dll
0x00007ff9c3bc0000 - 0x00007ff9c5362000 	C:\WINDOWS\System32\DriverStore\FileRepository\nv_dispui.inf_amd64_44810405883ed093\nvd3dumx.dll
0x00007ffa2f1c0000 - 0x00007ffa2f20b000 	C:\WINDOWS\SYSTEM32\powrprof.dll
0x00007ffa2f030000 - 0x00007ffa2f042000 	C:\WINDOWS\SYSTEM32\UMPDC.dll
0x00007ff9f7e30000 - 0x00007ff9f80e7000 	C:\WINDOWS\system32\nvspcap64.dll
0x00007ffa2e900000 - 0x00007ffa2e933000 	C:\WINDOWS\SYSTEM32\ntmarta.dll
0x00007ffa2e4e0000 - 0x00007ffa2e503000 	C:\WINDOWS\SYSTEM32\gpapi.dll
0x00007ffa1fed0000 - 0x00007ffa1ff0b000 	C:\WINDOWS\SYSTEM32\dxcore.dll
0x00007ffa2fd90000 - 0x00007ffa2fdde000 	C:\WINDOWS\System32\cfgmgr32.dll
0x00007ffa186a0000 - 0x00007ffa18722000 	C:\Users\rando\.jdks\liberica-14.0.2\bin\freetype.dll
0x00007ffa0aaa0000 - 0x00007ffa0ab46000 	C:\Users\rando\.jdks\liberica-14.0.2\bin\fontmanager.dll
0x00007ffa30c70000 - 0x00007ffa30d19000 	C:\WINDOWS\System32\clbcatq.dll
0x00007ffa21b80000 - 0x00007ffa21d34000 	C:\WINDOWS\SYSTEM32\WindowsCodecs.dll
0x00007ffa01d00000 - 0x00007ffa01d3e000 	C:\WINDOWS\system32\dataexchange.dll
0x00007ffa2c6d0000 - 0x00007ffa2c8b5000 	C:\WINDOWS\system32\dcomp.dll
0x00007ffa2ba40000 - 0x00007ffa2bca4000 	C:\WINDOWS\system32\d3d11.dll
0x00007ffa2e510000 - 0x00007ffa2e603000 	C:\WINDOWS\system32\dxgi.dll
0x00007ffa282f0000 - 0x00007ffa284f8000 	C:\WINDOWS\system32\twinapi.appcore.dll
0x00007ffa1ad70000 - 0x00007ffa1ae6c000 	C:\WINDOWS\SYSTEM32\textinputframework.dll
0x00007ffa2c8c0000 - 0x00007ffa2cc1e000 	C:\WINDOWS\System32\CoreUIComponents.dll
0x00007ffa2cfa0000 - 0x00007ffa2d092000 	C:\WINDOWS\System32\CoreMessaging.dll
0x00007ffa2b8e0000 - 0x00007ffa2ba36000 	C:\WINDOWS\SYSTEM32\wintypes.dll
0x00007ffa24f90000 - 0x00007ffa24fa0000 	C:\Users\rando\.jdks\liberica-14.0.2\bin\verify.dll
0x00007ffa188d0000 - 0x00007ffa188f5000 	C:\Users\rando\.jdks\liberica-14.0.2\bin\sunec.dll
0x00007ffa2fa70000 - 0x00007ffa2fa9e000 	C:\WINDOWS\SYSTEM32\USERENV.dll
0x00007ffa2f050000 - 0x00007ffa2f08b000 	C:\WINDOWS\SYSTEM32\IPHLPAPI.DLL
0x00007ffa31c60000 - 0x00007ffa31c69000 	C:\WINDOWS\System32\NSI.dll
0x00007ffa2a2d0000 - 0x00007ffa2a2e7000 	C:\WINDOWS\SYSTEM32\dhcpcsvc6.DLL
0x00007ffa293b0000 - 0x00007ffa293cd000 	C:\WINDOWS\SYSTEM32\dhcpcsvc.DLL
0x00007ffa2f0a0000 - 0x00007ffa2f16b000 	C:\WINDOWS\SYSTEM32\DNSAPI.dll

dbghelp: loaded successfully - version: 4.0.5 - missing functions: none
symbol engine: initialized successfully - sym options: 0x614 - pdb path: .;C:\Users\rando\.jdks\liberica-14.0.2\bin;C:\WINDOWS\SYSTEM32;C:\WINDOWS\WinSxS\amd64_microsoft.windows.common-controls_6595b64144ccf1df_6.0.19041.488_none_ca04af081b815d21;C:\Users\rando\.jdks\liberica-14.0.2\bin\server;C:\Users\rando\AppData\Local\JetBrains\IntelliJ IDEA Community Edition 2020.2.3\bin;C:\WINDOWS\System32\DriverStore\FileRepository\nv_dispui.inf_amd64_44810405883ed093

VM Arguments:
jvm_args: -javaagent:C:\Users\rando\AppData\Local\JetBrains\IntelliJ IDEA Community Edition 2020.2.3\lib\idea_rt.jar=49899:C:\Users\rando\AppData\Local\JetBrains\IntelliJ IDEA Community Edition 2020.2.3\bin -Dfile.encoding=UTF-8 
java_command: src.LoginGUI
java_class_path (initial): E:\csds393project\BillSplittingSystem\bin;E:\csds393project\BillSplittingSystem\deps\commons-codec-1.9.jar;E:\csds393project\BillSplittingSystem\deps\commons-lang3-3.4.jar;E:\csds393project\BillSplittingSystem\deps\commons-logging-1.2.jar;E:\csds393project\BillSplittingSystem\deps\groovy-3.0.3.jar;E:\csds393project\BillSplittingSystem\deps\groovy-json-3.0.3.jar;E:\csds393project\BillSplittingSystem\deps\groovy-xml-3.0.3.jar;E:\csds393project\BillSplittingSystem\deps\hamcrest-2.1.jar;E:\csds393project\BillSplittingSystem\deps\httpclient-4.5.3.jar;E:\csds393project\BillSplittingSystem\deps\httpcore-4.4.6.jar;E:\csds393project\BillSplittingSystem\deps\httpmime-4.5.3.jar;E:\csds393project\BillSplittingSystem\deps\jakarta.activation-api-1.2.2.jar;E:\csds393project\BillSplittingSystem\deps\jakarta.xml.bind-api-2.3.3.jar;E:\csds393project\BillSplittingSystem\deps\jaxb-impl-2.3.3.jar;E:\csds393project\BillSplittingSystem\deps\json-path-4.3.1-javadoc.jar;E:\csds393project\BillSplittingSystem\deps\json-path-4.3.1-sources.jar;E:\csds393project\BillSplittingSystem\deps\json-simple-1.1.1.jar;E:\csds393project\BillSplittingSystem\deps\rest-assured-4.3.1.jar;E:\csds393project\BillSplittingSystem\deps\rest-assured-4.3.1-javadoc.jar;E:\csds393project\BillSplittingSystem\deps\rest-assured-4.3.1-sources.jar;E:\csds393project\BillSplittingSystem\deps\rest-assured-common-4.3.1-javadoc.jar;E:\csds393project\BillSplittingSystem\deps\rest-assured-common-4.3.1-sources.jar;E:\csds393project\BillSplittingSystem\deps\tagsoup-1.2.1.jar;E:\csds393project\BillSplittingSystem\deps\xml-path-4.3.1-javadoc.jar;E:\csds393project\BillSplittingSystem\deps\xml-path-4.3.1-sources.jar;C:\Users\rando\AppData\Local\JetBrains\IntelliJ IDEA Community Edition 2020.2.3\lib\junit.jar;C:\Users\rando\Documents\WeChat Files\wxid_zqvtn2vctzxe22\FileStorage\File\2020-11\jcommon-1.0.23.jar;C:\Users\rando\Documents\WeChat Files\wxid_zqvtn2vctzxe22\FileStorage\File\2020-11\jfreechart-1.5.1.ja
Launcher Type: SUN_STANDARD

[Global flags]
     intx CICompilerCount                          = 12                                        {product} {ergonomic}
     uint ConcGCThreads                            = 3                                         {product} {ergonomic}
     uint G1ConcRefinementThreads                  = 13                                        {product} {ergonomic}
   size_t G1HeapRegionSize                         = 2097152                                   {product} {ergonomic}
    uintx GCDrainStackTargetSize                   = 64                                        {product} {ergonomic}
   size_t InitialHeapSize                          = 536870912                                 {product} {ergonomic}
   size_t MarkStackSize                            = 4194304                                   {product} {ergonomic}
   size_t MaxHeapSize                              = 8568963072                                {product} {ergonomic}
   size_t MaxNewSize                               = 5140119552                                {product} {ergonomic}
   size_t MinHeapDeltaBytes                        = 2097152                                   {product} {ergonomic}
   size_t MinHeapSize                              = 8388608                                   {product} {ergonomic}
    uintx NonNMethodCodeHeapSize                   = 7602480                                {pd product} {ergonomic}
    uintx NonProfiledCodeHeapSize                  = 122027880                              {pd product} {ergonomic}
    uintx ProfiledCodeHeapSize                     = 122027880                              {pd product} {ergonomic}
    uintx ReservedCodeCacheSize                    = 251658240                              {pd product} {ergonomic}
     bool SegmentedCodeCache                       = true                                      {product} {ergonomic}
   size_t SoftMaxHeapSize                          = 8568963072                             {manageable} {ergonomic}
     bool UseCompressedClassPointers               = true                                 {lp64_product} {ergonomic}
     bool UseCompressedOops                        = true                                 {lp64_product} {ergonomic}
     bool UseG1GC                                  = true                                      {product} {ergonomic}
     bool UseLargePagesIndividualAllocation        = false                                  {pd product} {ergonomic}

Logging:
Log output configuration:
 #0: stdout all=warning uptime,level,tags
 #1: stderr all=off uptime,level,tags

Environment Variables:
PATH=C:\Program Files\NVIDIA GPU Computing Toolkit\CUDA\v11.0\bin;C:\Program Files\NVIDIA GPU Computing Toolkit\CUDA\v11.0\libnvvp;C:\Program Files (x86)\Common Files\Oracle\Java\javapath;E:\Python38\Scripts\;E:\Python38\;C:\WINDOWS\system32;C:\WINDOWS;C:\WINDOWS\System32\Wbem;C:\WINDOWS\System32\WindowsPowerShell\v1.0\;C:\WINDOWS\System32\OpenSSH\;C:\Program Files\dotnet\;C:\Program Files\Git\cmd;C:\Program Files\MATLAB\R2020b\bin;C:\Program Files\NVIDIA Corporation\Nsight Compute 2020.1.2\;C:\Program Files (x86)\NVIDIA Corporation\PhysX\Common;C:\Program Files\NVIDIA Corporation\NVIDIA NvDLISR;C:\Program Files\Git LFS;C:\Users\rando\AppData\Local\Microsoft\WindowsApps;E:\Microsoft VS Code\bin;C:\Users\rando\.dotnet\tools;;C:\Users\rando\AppData\Local\JetBrains\IntelliJ IDEA Community Edition 2020.2.3\bin;
USERNAME=rando
OS=Windows_NT
PROCESSOR_IDENTIFIER=Intel64 Family 6 Model 158 Stepping 12, GenuineIntel



---------------  S Y S T E M  ---------------

OS: Windows 10 , 64 bit Build 19041 (10.0.19041.546)
OS uptime: 0 days 17:13 hours

CPU:total 16 (initial active 16) (8 cores per cpu, 2 threads per core) family 6 model 158 stepping 12, cmov, cx8, fxsr, mmx, sse, sse2, sse3, ssse3, sse4.1, sse4.2, popcnt, avx, avx2, aes, clmul, erms, rtm, 3dnowpref, lzcnt, ht, tsc, tscinvbit, bmi1, bmi2, adx, fma

Memory: 4k page, system-wide physical 32685M (8693M free)
TotalPageFile size 38586M (AvailPageFile size 4821M)
current process WorkingSet (physical memory assigned to process): 764M, peak: 777M
current process commit charge ("private bytes"): 751M, peak: 758M

vm_info: OpenJDK 64-Bit Server VM (14.0.2+13) for windows-amd64 JRE (14.0.2+13), built on Jul 11 2020 08:13:23 by "" with MS VC++ 15.9 (VS2017)

END.
